<?xml version="1.0" encoding="UTF-8"?>
<coverage generated="1509884693026" clover="3.2.0">
  <project timestamp="1509884693026" name="All files">
    <metrics statements="88" coveredstatements="68" conditionals="16" coveredconditionals="8" methods="43" coveredmethods="26" elements="147" coveredelements="102" complexity="0" loc="88" ncloc="88" packages="9" files="9" classes="9">
      <package name="src">
        <metrics statements="3" coveredstatements="0" conditionals="4" coveredconditionals="0" methods="1" coveredmethods="0"/>
        <file name="index.js" path="/Users/maxbelous/Documents/react/React_cinema/src/index.js">
          <metrics statements="3" coveredstatements="0" conditionals="4" coveredconditionals="0" methods="1" coveredmethods="0"/>
          <line num="1" count="0" type="stmt"/>
          <line num="9" count="0" type="cond" truecount="0" falsecount="4"/>
          <line num="11" count="0" type="stmt"/>
        </file>
      </package>
      <package name="src.components.Cinema">
        <metrics statements="5" coveredstatements="4" conditionals="0" coveredconditionals="0" methods="3" coveredmethods="2"/>
        <file name="index.js" path="/Users/maxbelous/Documents/react/React_cinema/src/components/Cinema/index.js">
          <metrics statements="5" coveredstatements="4" conditionals="0" coveredconditionals="0" methods="3" coveredmethods="2"/>
          <line num="15" count="1" type="stmt"/>
          <line num="16" count="1" type="stmt"/>
          <line num="20" count="0" type="stmt"/>
          <line num="24" count="1" type="stmt"/>
          <line num="26" count="1" type="stmt"/>
        </file>
      </package>
      <package name="src.components.CinemaDetails">
        <metrics statements="11" coveredstatements="7" conditionals="4" coveredconditionals="2" methods="4" coveredmethods="2"/>
        <file name="index.js" path="/Users/maxbelous/Documents/react/React_cinema/src/components/CinemaDetails/index.js">
          <metrics statements="11" coveredstatements="7" conditionals="4" coveredconditionals="2" methods="4" coveredmethods="2"/>
          <line num="21" count="2" type="stmt"/>
          <line num="22" count="2" type="stmt"/>
          <line num="23" count="2" type="stmt"/>
          <line num="26" count="0" type="stmt"/>
          <line num="31" count="0" type="stmt"/>
          <line num="34" count="0" type="stmt"/>
          <line num="39" count="0" type="stmt"/>
          <line num="43" count="4" type="stmt"/>
          <line num="45" count="4" type="cond" truecount="1" falsecount="1"/>
          <line num="51" count="4" type="cond" truecount="1" falsecount="1"/>
          <line num="55" count="4" type="stmt"/>
        </file>
      </package>
      <package name="src.components.CinemaList">
        <metrics statements="22" coveredstatements="15" conditionals="2" coveredconditionals="0" methods="13" coveredmethods="7"/>
        <file name="index.js" path="/Users/maxbelous/Documents/react/React_cinema/src/components/CinemaList/index.js">
          <metrics statements="22" coveredstatements="15" conditionals="2" coveredconditionals="0" methods="13" coveredmethods="7"/>
          <line num="8" count="2" type="stmt"/>
          <line num="9" count="2" type="stmt"/>
          <line num="18" count="2" type="stmt"/>
          <line num="19" count="2" type="stmt"/>
          <line num="20" count="2" type="stmt"/>
          <line num="21" count="2" type="stmt"/>
          <line num="30" count="2" type="stmt"/>
          <line num="34" count="3" type="stmt"/>
          <line num="38" count="0" type="cond" truecount="0" falsecount="2"/>
          <line num="39" count="0" type="stmt"/>
          <line num="42" count="0" type="stmt"/>
          <line num="45" count="0" type="stmt"/>
          <line num="49" count="2" type="stmt"/>
          <line num="53" count="3" type="stmt"/>
          <line num="57" count="3" type="stmt"/>
          <line num="60" count="0" type="stmt"/>
          <line num="64" count="0" type="stmt"/>
          <line num="68" count="5" type="stmt"/>
          <line num="69" count="5" type="stmt"/>
          <line num="70" count="5" type="stmt"/>
          <line num="71" count="0" type="stmt"/>
          <line num="74" count="5" type="stmt"/>
        </file>
      </package>
      <package name="src.components.Favorites">
        <metrics statements="4" coveredstatements="4" conditionals="0" coveredconditionals="0" methods="2" coveredmethods="2"/>
        <file name="index.js" path="/Users/maxbelous/Documents/react/React_cinema/src/components/Favorites/index.js">
          <metrics statements="4" coveredstatements="4" conditionals="0" coveredconditionals="0" methods="2" coveredmethods="2"/>
          <line num="13" count="4" type="stmt"/>
          <line num="14" count="4" type="stmt"/>
          <line num="16" count="4" type="stmt"/>
          <line num="19" count="4" type="stmt"/>
        </file>
      </package>
      <package name="src.components.Footer">
        <metrics statements="2" coveredstatements="2" conditionals="0" coveredconditionals="0" methods="1" coveredmethods="1"/>
        <file name="index.js" path="/Users/maxbelous/Documents/react/React_cinema/src/components/Footer/index.js">
          <metrics statements="2" coveredstatements="2" conditionals="0" coveredconditionals="0" methods="1" coveredmethods="1"/>
          <line num="4" count="2" type="stmt"/>
          <line num="5" count="4" type="stmt"/>
        </file>
      </package>
      <package name="src.components.Header">
        <metrics statements="2" coveredstatements="2" conditionals="0" coveredconditionals="0" methods="1" coveredmethods="1"/>
        <file name="index.js" path="/Users/maxbelous/Documents/react/React_cinema/src/components/Header/index.js">
          <metrics statements="2" coveredstatements="2" conditionals="0" coveredconditionals="0" methods="1" coveredmethods="1"/>
          <line num="6" count="2" type="stmt"/>
          <line num="7" count="4" type="stmt"/>
        </file>
      </package>
      <package name="src.containers.App">
        <metrics statements="23" coveredstatements="18" conditionals="2" coveredconditionals="2" methods="15" coveredmethods="8"/>
        <file name="index.js" path="/Users/maxbelous/Documents/react/React_cinema/src/containers/App/index.js">
          <metrics statements="23" coveredstatements="18" conditionals="2" coveredconditionals="2" methods="15" coveredmethods="8"/>
          <line num="16" count="1" type="stmt"/>
          <line num="17" count="1" type="stmt"/>
          <line num="18" count="1" type="stmt"/>
          <line num="19" count="1" type="stmt"/>
          <line num="20" count="1" type="stmt"/>
          <line num="21" count="1" type="stmt"/>
          <line num="22" count="1" type="stmt"/>
          <line num="23" count="1" type="stmt"/>
          <line num="33" count="0" type="stmt"/>
          <line num="41" count="1" type="stmt"/>
          <line num="46" count="0" type="stmt"/>
          <line num="54" count="0" type="stmt"/>
          <line num="63" count="1" type="stmt"/>
          <line num="70" count="0" type="stmt"/>
          <line num="72" count="0" type="stmt"/>
          <line num="79" count="3" type="stmt"/>
          <line num="80" count="2" type="stmt"/>
          <line num="82" count="3" type="cond" truecount="2" falsecount="0"/>
          <line num="84" count="3" type="stmt"/>
          <line num="88" count="3" type="stmt"/>
          <line num="89" count="3" type="stmt"/>
          <line num="90" count="3" type="stmt"/>
          <line num="92" count="3" type="stmt"/>
        </file>
      </package>
      <package name="src.helpers">
        <metrics statements="16" coveredstatements="16" conditionals="4" coveredconditionals="4" methods="3" coveredmethods="3"/>
        <file name="index.js" path="/Users/maxbelous/Documents/react/React_cinema/src/helpers/index.js">
          <metrics statements="16" coveredstatements="16" conditionals="4" coveredconditionals="4" methods="3" coveredmethods="3"/>
          <line num="1" count="2" type="stmt"/>
          <line num="2" count="5" type="stmt"/>
          <line num="4" count="5" type="stmt"/>
          <line num="6" count="5" type="stmt"/>
          <line num="7" count="18" type="stmt"/>
          <line num="10" count="5" type="stmt"/>
          <line num="13" count="2" type="stmt"/>
          <line num="14" count="1" type="stmt"/>
          <line num="15" count="1" type="stmt"/>
          <line num="17" count="1" type="stmt"/>
          <line num="18" count="6" type="stmt"/>
          <line num="21" count="1" type="stmt"/>
          <line num="24" count="2" type="stmt"/>
          <line num="25" count="2" type="cond" truecount="4" falsecount="0"/>
          <line num="26" count="1" type="stmt"/>
          <line num="29" count="1" type="stmt"/>
        </file>
      </package>
    </metrics>
  </project>
</coverage>
