<?xml version="1.0" encoding="UTF-8"?>
<coverage generated="1509874199188" clover="3.2.0">
  <project timestamp="1509874199188" name="All files">
    <metrics statements="58" coveredstatements="42" conditionals="8" coveredconditionals="1" methods="34" coveredmethods="21" elements="100" coveredelements="64" complexity="0" loc="58" ncloc="58" packages="8" files="8" classes="8">
      <package name="src">
        <metrics statements="3" coveredstatements="0" conditionals="4" coveredconditionals="0" methods="1" coveredmethods="0"/>
        <file name="index.js" path="/Users/maxbelous/Documents/react/React_cinema/src/index.js">
          <metrics statements="3" coveredstatements="0" conditionals="4" coveredconditionals="0" methods="1" coveredmethods="0"/>
          <line num="1" count="0" type="stmt"/>
          <line num="9" count="0" type="cond" truecount="0" falsecount="4"/>
          <line num="11" count="0" type="stmt"/>
        </file>
      </package>
      <package name="src.components.Cinema">
        <metrics statements="5" coveredstatements="4" conditionals="0" coveredconditionals="0" methods="3" coveredmethods="2"/>
        <file name="index.js" path="/Users/maxbelous/Documents/react/React_cinema/src/components/Cinema/index.js">
          <metrics statements="5" coveredstatements="4" conditionals="0" coveredconditionals="0" methods="3" coveredmethods="2"/>
          <line num="15" count="1" type="stmt"/>
          <line num="16" count="1" type="stmt"/>
          <line num="20" count="0" type="stmt"/>
          <line num="24" count="1" type="stmt"/>
          <line num="26" count="1" type="stmt"/>
        </file>
      </package>
      <package name="src.components.CinemaDetails">
        <metrics statements="7" coveredstatements="5" conditionals="2" coveredconditionals="1" methods="3" coveredmethods="2"/>
        <file name="index.js" path="/Users/maxbelous/Documents/react/React_cinema/src/components/CinemaDetails/index.js">
          <metrics statements="7" coveredstatements="5" conditionals="2" coveredconditionals="1" methods="3" coveredmethods="2"/>
          <line num="18" count="2" type="stmt"/>
          <line num="19" count="2" type="stmt"/>
          <line num="22" count="0" type="stmt"/>
          <line num="26" count="0" type="stmt"/>
          <line num="30" count="4" type="stmt"/>
          <line num="32" count="4" type="cond" truecount="1" falsecount="1"/>
          <line num="39" count="4" type="stmt"/>
        </file>
      </package>
      <package name="src.components.CinemaList">
        <metrics statements="22" coveredstatements="15" conditionals="2" coveredconditionals="0" methods="13" coveredmethods="7"/>
        <file name="index.js" path="/Users/maxbelous/Documents/react/React_cinema/src/components/CinemaList/index.js">
          <metrics statements="22" coveredstatements="15" conditionals="2" coveredconditionals="0" methods="13" coveredmethods="7"/>
          <line num="8" count="2" type="stmt"/>
          <line num="9" count="2" type="stmt"/>
          <line num="18" count="2" type="stmt"/>
          <line num="19" count="2" type="stmt"/>
          <line num="20" count="2" type="stmt"/>
          <line num="21" count="2" type="stmt"/>
          <line num="30" count="2" type="stmt"/>
          <line num="34" count="3" type="stmt"/>
          <line num="38" count="0" type="cond" truecount="0" falsecount="2"/>
          <line num="39" count="0" type="stmt"/>
          <line num="42" count="0" type="stmt"/>
          <line num="45" count="0" type="stmt"/>
          <line num="49" count="2" type="stmt"/>
          <line num="53" count="3" type="stmt"/>
          <line num="57" count="3" type="stmt"/>
          <line num="60" count="0" type="stmt"/>
          <line num="64" count="0" type="stmt"/>
          <line num="68" count="5" type="stmt"/>
          <line num="69" count="5" type="stmt"/>
          <line num="70" count="5" type="stmt"/>
          <line num="71" count="0" type="stmt"/>
          <line num="74" count="5" type="stmt"/>
        </file>
      </package>
      <package name="src.components.Favorites">
        <metrics statements="4" coveredstatements="4" conditionals="0" coveredconditionals="0" methods="2" coveredmethods="2"/>
        <file name="index.js" path="/Users/maxbelous/Documents/react/React_cinema/src/components/Favorites/index.js">
          <metrics statements="4" coveredstatements="4" conditionals="0" coveredconditionals="0" methods="2" coveredmethods="2"/>
          <line num="13" count="4" type="stmt"/>
          <line num="14" count="4" type="stmt"/>
          <line num="15" count="4" type="stmt"/>
          <line num="18" count="4" type="stmt"/>
        </file>
      </package>
      <package name="src.components.Footer">
        <metrics statements="2" coveredstatements="2" conditionals="0" coveredconditionals="0" methods="1" coveredmethods="1"/>
        <file name="index.js" path="/Users/maxbelous/Documents/react/React_cinema/src/components/Footer/index.js">
          <metrics statements="2" coveredstatements="2" conditionals="0" coveredconditionals="0" methods="1" coveredmethods="1"/>
          <line num="4" count="2" type="stmt"/>
          <line num="5" count="4" type="stmt"/>
        </file>
      </package>
      <package name="src.components.Header">
        <metrics statements="2" coveredstatements="2" conditionals="0" coveredconditionals="0" methods="1" coveredmethods="1"/>
        <file name="index.js" path="/Users/maxbelous/Documents/react/React_cinema/src/components/Header/index.js">
          <metrics statements="2" coveredstatements="2" conditionals="0" coveredconditionals="0" methods="1" coveredmethods="1"/>
          <line num="6" count="2" type="stmt"/>
          <line num="7" count="4" type="stmt"/>
        </file>
      </package>
      <package name="src.containers.App">
        <metrics statements="13" coveredstatements="10" conditionals="0" coveredconditionals="0" methods="10" coveredmethods="6"/>
        <file name="index.js" path="/Users/maxbelous/Documents/react/React_cinema/src/containers/App/index.js">
          <metrics statements="13" coveredstatements="10" conditionals="0" coveredconditionals="0" methods="10" coveredmethods="6"/>
          <line num="15" count="1" type="stmt"/>
          <line num="16" count="1" type="stmt"/>
          <line num="17" count="1" type="stmt"/>
          <line num="18" count="1" type="stmt"/>
          <line num="19" count="1" type="stmt"/>
          <line num="20" count="1" type="stmt"/>
          <line num="30" count="0" type="stmt"/>
          <line num="38" count="1" type="stmt"/>
          <line num="43" count="0" type="stmt"/>
          <line num="51" count="0" type="stmt"/>
          <line num="60" count="1" type="stmt"/>
          <line num="66" count="3" type="stmt"/>
          <line num="68" count="3" type="stmt"/>
        </file>
      </package>
    </metrics>
  </project>
</coverage>
