{"/Users/maxbelous/Documents/react/React_cinema/src/index.js": {"path":"/Users/maxbelous/Documents/react/React_cinema/src/index.js","statementMap":{"0":{"start":{"line":1,"column":32},"end":{"line":1,"column":92}},"1":{"start":{"line":9,"column":13},"end":{"line":9,"column":29}},"2":{"start":{"line":9,"column":44},"end":{"line":9,"column":74}},"3":{"start":{"line":9,"column":91},"end":{"line":9,"column":111}},"4":{"start":{"line":9,"column":129},"end":{"line":9,"column":162}},"5":{"start":{"line":9,"column":163},"end":{"line":9,"column":192}},"6":{"start":{"line":9,"column":203},"end":{"line":9,"column":230}},"7":{"start":{"line":9,"column":243},"end":{"line":9,"column":271}},"8":{"start":{"line":9,"column":310},"end":{"line":9,"column":364}},"9":{"start":{"line":11,"column":0},"end":{"line":11,"column":182}}},"fnMap":{"0":{"name":"_interopRequireDefault","decl":{"start":{"line":9,"column":281},"end":{"line":9,"column":303}},"loc":{"start":{"line":9,"column":309},"end":{"line":9,"column":365}},"line":9}},"branchMap":{"0":{"loc":{"start":{"line":9,"column":317},"end":{"line":9,"column":363}},"type":"cond-expr","locations":[{"start":{"line":9,"column":341},"end":{"line":9,"column":344}},{"start":{"line":9,"column":347},"end":{"line":9,"column":363}}],"line":9},"1":{"loc":{"start":{"line":9,"column":317},"end":{"line":9,"column":338}},"type":"binary-expr","locations":[{"start":{"line":9,"column":317},"end":{"line":9,"column":320}},{"start":{"line":9,"column":324},"end":{"line":9,"column":338}}],"line":9}},"s":{"0":0,"1":0,"2":0,"3":0,"4":0,"5":0,"6":0,"7":0,"8":0,"9":0},"f":{"0":0},"b":{"0":[0,0],"1":[0,0]}}
,"/Users/maxbelous/Documents/react/React_cinema/src/components/Cinema/index.js": {"path":"/Users/maxbelous/Documents/react/React_cinema/src/components/Cinema/index.js","statementMap":{"0":{"start":{"line":15,"column":8},"end":{"line":15,"column":16}},"1":{"start":{"line":16,"column":8},"end":{"line":16,"column":56}},"2":{"start":{"line":20,"column":8},"end":{"line":20,"column":93}},"3":{"start":{"line":24,"column":31},"end":{"line":24,"column":41}},"4":{"start":{"line":26,"column":8},"end":{"line":33,"column":10}}},"fnMap":{"0":{"name":"(anonymous_0)","decl":{"start":{"line":14,"column":4},"end":{"line":14,"column":5}},"loc":{"start":{"line":14,"column":19},"end":{"line":17,"column":5}},"line":14},"1":{"name":"(anonymous_1)","decl":{"start":{"line":19,"column":4},"end":{"line":19,"column":5}},"loc":{"start":{"line":19,"column":20},"end":{"line":21,"column":5}},"line":19},"2":{"name":"(anonymous_2)","decl":{"start":{"line":23,"column":4},"end":{"line":23,"column":5}},"loc":{"start":{"line":23,"column":14},"end":{"line":34,"column":5}},"line":23}},"branchMap":{},"s":{"0":1,"1":1,"2":0,"3":1,"4":1},"f":{"0":1,"1":0,"2":1},"b":{},"_coverageSchema":"332fd63041d2c1bcb487cc26dd0d5f7d97098a6c","hash":"1a1f910f1051cf899b859d9d15da34499b231825"}
,"/Users/maxbelous/Documents/react/React_cinema/src/components/CinemaDetails/index.js": {"path":"/Users/maxbelous/Documents/react/React_cinema/src/components/CinemaDetails/index.js","statementMap":{"0":{"start":{"line":17,"column":8},"end":{"line":17,"column":16}},"1":{"start":{"line":18,"column":8},"end":{"line":18,"column":48}},"2":{"start":{"line":21,"column":23},"end":{"line":23,"column":9}},"3":{"start":{"line":25,"column":8},"end":{"line":25,"column":35}},"4":{"start":{"line":29,"column":62},"end":{"line":29,"column":72}},"5":{"start":{"line":31,"column":8},"end":{"line":52,"column":10}}},"fnMap":{"0":{"name":"(anonymous_0)","decl":{"start":{"line":16,"column":4},"end":{"line":16,"column":5}},"loc":{"start":{"line":16,"column":19},"end":{"line":19,"column":5}},"line":16},"1":{"name":"(anonymous_1)","decl":{"start":{"line":20,"column":4},"end":{"line":20,"column":5}},"loc":{"start":{"line":20,"column":16},"end":{"line":26,"column":5}},"line":20},"2":{"name":"(anonymous_2)","decl":{"start":{"line":28,"column":4},"end":{"line":28,"column":5}},"loc":{"start":{"line":28,"column":14},"end":{"line":53,"column":5}},"line":28}},"branchMap":{},"s":{"0":1,"1":1,"2":0,"3":0,"4":1,"5":1},"f":{"0":1,"1":0,"2":1},"b":{},"_coverageSchema":"332fd63041d2c1bcb487cc26dd0d5f7d97098a6c","hash":"e82c6544bb24fb00a27465542b2aa93826d3a24c"}
,"/Users/maxbelous/Documents/react/React_cinema/src/components/CinemaList/index.js": {"path":"/Users/maxbelous/Documents/react/React_cinema/src/components/CinemaList/index.js","statementMap":{"0":{"start":{"line":8,"column":15},"end":{"line":8,"column":119}},"1":{"start":{"line":9,"column":19},"end":{"line":9,"column":119}},"2":{"start":{"line":18,"column":8},"end":{"line":18,"column":16}},"3":{"start":{"line":19,"column":8},"end":{"line":19,"column":50}},"4":{"start":{"line":20,"column":8},"end":{"line":20,"column":52}},"5":{"start":{"line":21,"column":8},"end":{"line":21,"column":54}},"6":{"start":{"line":30,"column":8},"end":{"line":30,"column":25}},"7":{"start":{"line":34,"column":8},"end":{"line":49,"column":58}},"8":{"start":{"line":38,"column":16},"end":{"line":40,"column":17}},"9":{"start":{"line":39,"column":20},"end":{"line":39,"column":56}},"10":{"start":{"line":42,"column":16},"end":{"line":42,"column":39}},"11":{"start":{"line":45,"column":16},"end":{"line":47,"column":20}},"12":{"start":{"line":45,"column":37},"end":{"line":47,"column":17}},"13":{"start":{"line":49,"column":36},"end":{"line":49,"column":56}},"14":{"start":{"line":53,"column":8},"end":{"line":55,"column":12}},"15":{"start":{"line":53,"column":29},"end":{"line":55,"column":9}},"16":{"start":{"line":57,"column":8},"end":{"line":57,"column":37}},"17":{"start":{"line":60,"column":8},"end":{"line":62,"column":12}},"18":{"start":{"line":60,"column":29},"end":{"line":62,"column":9}},"19":{"start":{"line":64,"column":8},"end":{"line":64,"column":41}},"20":{"start":{"line":68,"column":32},"end":{"line":68,"column":42}},"21":{"start":{"line":69,"column":26},"end":{"line":69,"column":36}},"22":{"start":{"line":70,"column":25},"end":{"line":72,"column":9}},"23":{"start":{"line":71,"column":12},"end":{"line":71,"column":136}},"24":{"start":{"line":74,"column":8},"end":{"line":86,"column":10}}},"fnMap":{"0":{"name":"(anonymous_0)","decl":{"start":{"line":17,"column":4},"end":{"line":17,"column":5}},"loc":{"start":{"line":17,"column":19},"end":{"line":22,"column":5}},"line":17},"1":{"name":"(anonymous_1)","decl":{"start":{"line":29,"column":4},"end":{"line":29,"column":5}},"loc":{"start":{"line":29,"column":26},"end":{"line":31,"column":5}},"line":29},"2":{"name":"(anonymous_2)","decl":{"start":{"line":33,"column":4},"end":{"line":33,"column":5}},"loc":{"start":{"line":33,"column":26},"end":{"line":50,"column":5}},"line":33},"3":{"name":"(anonymous_3)","decl":{"start":{"line":37,"column":18},"end":{"line":37,"column":19}},"loc":{"start":{"line":37,"column":32},"end":{"line":43,"column":13}},"line":37},"4":{"name":"(anonymous_4)","decl":{"start":{"line":44,"column":18},"end":{"line":44,"column":19}},"loc":{"start":{"line":44,"column":35},"end":{"line":48,"column":13}},"line":44},"5":{"name":"(anonymous_5)","decl":{"start":{"line":45,"column":30},"end":{"line":45,"column":31}},"loc":{"start":{"line":45,"column":37},"end":{"line":47,"column":17}},"line":45},"6":{"name":"(anonymous_6)","decl":{"start":{"line":49,"column":19},"end":{"line":49,"column":20}},"loc":{"start":{"line":49,"column":36},"end":{"line":49,"column":56}},"line":49},"7":{"name":"(anonymous_7)","decl":{"start":{"line":52,"column":4},"end":{"line":52,"column":5}},"loc":{"start":{"line":52,"column":18},"end":{"line":58,"column":5}},"line":52},"8":{"name":"(anonymous_8)","decl":{"start":{"line":53,"column":22},"end":{"line":53,"column":23}},"loc":{"start":{"line":53,"column":29},"end":{"line":55,"column":9}},"line":53},"9":{"name":"(anonymous_9)","decl":{"start":{"line":59,"column":4},"end":{"line":59,"column":5}},"loc":{"start":{"line":59,"column":19},"end":{"line":65,"column":5}},"line":59},"10":{"name":"(anonymous_10)","decl":{"start":{"line":60,"column":22},"end":{"line":60,"column":23}},"loc":{"start":{"line":60,"column":29},"end":{"line":62,"column":9}},"line":60},"11":{"name":"(anonymous_11)","decl":{"start":{"line":67,"column":4},"end":{"line":67,"column":5}},"loc":{"start":{"line":67,"column":14},"end":{"line":87,"column":5}},"line":67},"12":{"name":"(anonymous_12)","decl":{"start":{"line":70,"column":35},"end":{"line":70,"column":36}},"loc":{"start":{"line":71,"column":12},"end":{"line":71,"column":136}},"line":71}},"branchMap":{"0":{"loc":{"start":{"line":38,"column":16},"end":{"line":40,"column":17}},"type":"if","locations":[{"start":{"line":38,"column":16},"end":{"line":40,"column":17}},{"start":{"line":38,"column":16},"end":{"line":40,"column":17}}],"line":38}},"s":{"0":1,"1":1,"2":1,"3":1,"4":1,"5":1,"6":1,"7":1,"8":0,"9":0,"10":0,"11":0,"12":0,"13":1,"14":1,"15":1,"16":1,"17":0,"18":0,"19":0,"20":1,"21":1,"22":1,"23":0,"24":1},"f":{"0":1,"1":1,"2":1,"3":0,"4":0,"5":0,"6":1,"7":1,"8":1,"9":0,"10":0,"11":1,"12":0},"b":{"0":[0,0]},"_coverageSchema":"332fd63041d2c1bcb487cc26dd0d5f7d97098a6c","hash":"88d657739eb1010b6042b8c2282b63e481e07e7b"}
,"/Users/maxbelous/Documents/react/React_cinema/src/components/Favorites/index.js": {"path":"/Users/maxbelous/Documents/react/React_cinema/src/components/Favorites/index.js","statementMap":{"0":{"start":{"line":13,"column":30},"end":{"line":13,"column":40}},"1":{"start":{"line":14,"column":30},"end":{"line":16,"column":9}},"2":{"start":{"line":15,"column":12},"end":{"line":15,"column":48}},"3":{"start":{"line":18,"column":8},"end":{"line":27,"column":10}}},"fnMap":{"0":{"name":"(anonymous_0)","decl":{"start":{"line":12,"column":4},"end":{"line":12,"column":5}},"loc":{"start":{"line":12,"column":14},"end":{"line":28,"column":5}},"line":12},"1":{"name":"(anonymous_1)","decl":{"start":{"line":14,"column":44},"end":{"line":14,"column":45}},"loc":{"start":{"line":15,"column":12},"end":{"line":15,"column":48}},"line":15}},"branchMap":{},"s":{"0":1,"1":1,"2":0,"3":1},"f":{"0":1,"1":0},"b":{},"_coverageSchema":"332fd63041d2c1bcb487cc26dd0d5f7d97098a6c","hash":"e09430a00591b387c6929a093dc2ff806c47bb68"}
,"/Users/maxbelous/Documents/react/React_cinema/src/components/Footer/index.js": {"path":"/Users/maxbelous/Documents/react/React_cinema/src/components/Footer/index.js","statementMap":{"0":{"start":{"line":4,"column":15},"end":{"line":6,"column":1}},"1":{"start":{"line":5,"column":4},"end":{"line":5,"column":42}}},"fnMap":{"0":{"name":"(anonymous_0)","decl":{"start":{"line":4,"column":15},"end":{"line":4,"column":16}},"loc":{"start":{"line":5,"column":4},"end":{"line":5,"column":42}},"line":5}},"branchMap":{},"s":{"0":2,"1":2},"f":{"0":2},"b":{},"_coverageSchema":"332fd63041d2c1bcb487cc26dd0d5f7d97098a6c","hash":"bd8ecfa6af5c72a818d66e2636e84363338cc2b7"}
,"/Users/maxbelous/Documents/react/React_cinema/src/components/Header/index.js": {"path":"/Users/maxbelous/Documents/react/React_cinema/src/components/Header/index.js","statementMap":{"0":{"start":{"line":6,"column":15},"end":{"line":17,"column":1}},"1":{"start":{"line":7,"column":4},"end":{"line":16,"column":13}}},"fnMap":{"0":{"name":"(anonymous_0)","decl":{"start":{"line":6,"column":15},"end":{"line":6,"column":16}},"loc":{"start":{"line":7,"column":4},"end":{"line":16,"column":13}},"line":7}},"branchMap":{},"s":{"0":2,"1":2},"f":{"0":2},"b":{},"_coverageSchema":"332fd63041d2c1bcb487cc26dd0d5f7d97098a6c","hash":"978a1c024849218e582256b1c04d5bd089746b4b"}
,"/Users/maxbelous/Documents/react/React_cinema/src/containers/App/index.js": {"path":"/Users/maxbelous/Documents/react/React_cinema/src/containers/App/index.js","statementMap":{"0":{"start":{"line":15,"column":8},"end":{"line":15,"column":16}},"1":{"start":{"line":16,"column":8},"end":{"line":16,"column":56}},"2":{"start":{"line":17,"column":8},"end":{"line":17,"column":58}},"3":{"start":{"line":18,"column":8},"end":{"line":18,"column":48}},"4":{"start":{"line":19,"column":8},"end":{"line":19,"column":84}},"5":{"start":{"line":20,"column":8},"end":{"line":20,"column":90}},"6":{"start":{"line":30,"column":8},"end":{"line":35,"column":12}},"7":{"start":{"line":30,"column":29},"end":{"line":35,"column":9}},"8":{"start":{"line":38,"column":8},"end":{"line":40,"column":12}},"9":{"start":{"line":38,"column":29},"end":{"line":40,"column":9}},"10":{"start":{"line":43,"column":8},"end":{"line":48,"column":10}},"11":{"start":{"line":51,"column":8},"end":{"line":56,"column":10}},"12":{"start":{"line":60,"column":8},"end":{"line":62,"column":12}},"13":{"start":{"line":60,"column":42},"end":{"line":62,"column":9}},"14":{"start":{"line":66,"column":68},"end":{"line":66,"column":78}},"15":{"start":{"line":67,"column":34},"end":{"line":83,"column":18}},"16":{"start":{"line":85,"column":8},"end":{"line":93,"column":10}}},"fnMap":{"0":{"name":"(anonymous_0)","decl":{"start":{"line":14,"column":4},"end":{"line":14,"column":5}},"loc":{"start":{"line":14,"column":19},"end":{"line":21,"column":5}},"line":14},"1":{"name":"(anonymous_1)","decl":{"start":{"line":29,"column":4},"end":{"line":29,"column":5}},"loc":{"start":{"line":29,"column":47},"end":{"line":36,"column":5}},"line":29},"2":{"name":"(anonymous_2)","decl":{"start":{"line":30,"column":22},"end":{"line":30,"column":23}},"loc":{"start":{"line":30,"column":29},"end":{"line":35,"column":9}},"line":30},"3":{"name":"(anonymous_3)","decl":{"start":{"line":37,"column":4},"end":{"line":37,"column":5}},"loc":{"start":{"line":37,"column":21},"end":{"line":41,"column":5}},"line":37},"4":{"name":"(anonymous_4)","decl":{"start":{"line":38,"column":22},"end":{"line":38,"column":23}},"loc":{"start":{"line":38,"column":29},"end":{"line":40,"column":9}},"line":38},"5":{"name":"(anonymous_5)","decl":{"start":{"line":42,"column":4},"end":{"line":42,"column":5}},"loc":{"start":{"line":42,"column":47},"end":{"line":49,"column":5}},"line":42},"6":{"name":"(anonymous_6)","decl":{"start":{"line":50,"column":4},"end":{"line":50,"column":5}},"loc":{"start":{"line":50,"column":50},"end":{"line":57,"column":5}},"line":50},"7":{"name":"(anonymous_7)","decl":{"start":{"line":59,"column":4},"end":{"line":59,"column":5}},"loc":{"start":{"line":59,"column":20},"end":{"line":63,"column":5}},"line":59},"8":{"name":"(anonymous_8)","decl":{"start":{"line":60,"column":22},"end":{"line":60,"column":23}},"loc":{"start":{"line":60,"column":42},"end":{"line":62,"column":9}},"line":60},"9":{"name":"(anonymous_9)","decl":{"start":{"line":65,"column":4},"end":{"line":65,"column":5}},"loc":{"start":{"line":65,"column":14},"end":{"line":94,"column":5}},"line":65}},"branchMap":{"0":{"loc":{"start":{"line":67,"column":34},"end":{"line":83,"column":18}},"type":"cond-expr","locations":[{"start":{"line":68,"column":14},"end":{"line":81,"column":25}},{"start":{"line":83,"column":14},"end":{"line":83,"column":18}}],"line":67}},"s":{"0":1,"1":1,"2":1,"3":1,"4":1,"5":1,"6":0,"7":0,"8":0,"9":0,"10":0,"11":0,"12":0,"13":0,"14":1,"15":1,"16":1},"f":{"0":1,"1":0,"2":0,"3":0,"4":0,"5":0,"6":0,"7":0,"8":0,"9":1},"b":{"0":[0,1]},"_coverageSchema":"332fd63041d2c1bcb487cc26dd0d5f7d97098a6c","hash":"a0cd882a7906ad884f543754cdd46fe2b90a29e0"}
}
