{"/Users/maxbelous/Documents/react/React_cinema/src/index.js": {"path":"/Users/maxbelous/Documents/react/React_cinema/src/index.js","statementMap":{"0":{"start":{"line":1,"column":32},"end":{"line":1,"column":92}},"1":{"start":{"line":9,"column":13},"end":{"line":9,"column":29}},"2":{"start":{"line":9,"column":44},"end":{"line":9,"column":74}},"3":{"start":{"line":9,"column":91},"end":{"line":9,"column":111}},"4":{"start":{"line":9,"column":129},"end":{"line":9,"column":162}},"5":{"start":{"line":9,"column":163},"end":{"line":9,"column":192}},"6":{"start":{"line":9,"column":203},"end":{"line":9,"column":230}},"7":{"start":{"line":9,"column":243},"end":{"line":9,"column":271}},"8":{"start":{"line":9,"column":310},"end":{"line":9,"column":364}},"9":{"start":{"line":11,"column":0},"end":{"line":11,"column":182}}},"fnMap":{"0":{"name":"_interopRequireDefault","decl":{"start":{"line":9,"column":281},"end":{"line":9,"column":303}},"loc":{"start":{"line":9,"column":309},"end":{"line":9,"column":365}},"line":9}},"branchMap":{"0":{"loc":{"start":{"line":9,"column":317},"end":{"line":9,"column":363}},"type":"cond-expr","locations":[{"start":{"line":9,"column":341},"end":{"line":9,"column":344}},{"start":{"line":9,"column":347},"end":{"line":9,"column":363}}],"line":9},"1":{"loc":{"start":{"line":9,"column":317},"end":{"line":9,"column":338}},"type":"binary-expr","locations":[{"start":{"line":9,"column":317},"end":{"line":9,"column":320}},{"start":{"line":9,"column":324},"end":{"line":9,"column":338}}],"line":9}},"s":{"0":0,"1":0,"2":0,"3":0,"4":0,"5":0,"6":0,"7":0,"8":0,"9":0},"f":{"0":0},"b":{"0":[0,0],"1":[0,0]}}
,"/Users/maxbelous/Documents/react/React_cinema/src/components/Catch/index.js": {"path":"/Users/maxbelous/Documents/react/React_cinema/src/components/Catch/index.js","statementMap":{"0":{"start":{"line":1,"column":13},"end":{"line":1,"column":75}},"1":{"start":{"line":1,"column":94},"end":{"line":1,"column":171}},"2":{"start":{"line":1,"column":185},"end":{"line":1,"column":201}},"3":{"start":{"line":1,"column":216},"end":{"line":1,"column":246}},"4":{"start":{"line":2,"column":14},"end":{"line":2,"column":38}},"5":{"start":{"line":2,"column":54},"end":{"line":2,"column":85}},"6":{"start":{"line":3,"column":17},"end":{"line":3,"column":38}},"7":{"start":{"line":3,"column":77},"end":{"line":3,"column":131}},"8":{"start":{"line":6,"column":72},"end":{"line":12,"column":34}},"9":{"start":{"line":16,"column":8},"end":{"line":16,"column":35}},"10":{"start":{"line":17,"column":8},"end":{"line":17,"column":42}},"11":{"start":{"line":19,"column":8},"end":{"line":20,"column":28}},"12":{"start":{"line":19,"column":29},"end":{"line":20,"column":25}},"13":{"start":{"line":24,"column":26},"end":{"line":24,"column":36}},"14":{"start":{"line":25,"column":29},"end":{"line":25,"column":39}},"15":{"start":{"line":27,"column":8},"end":{"line":40,"column":9}},"16":{"start":{"line":28,"column":12},"end":{"line":33,"column":337}},"17":{"start":{"line":42,"column":8},"end":{"line":42,"column":24}},"18":{"start":{"line":44,"column":6},"end":{"line":44,"column":32}},"19":{"start":{"line":44,"column":32},"end":{"line":44,"column":95}}},"fnMap":{"0":{"name":"_interopRequireDefault","decl":{"start":{"line":3,"column":48},"end":{"line":3,"column":70}},"loc":{"start":{"line":3,"column":76},"end":{"line":3,"column":132}},"line":3},"1":{"name":"(anonymous_1)","decl":{"start":{"line":6,"column":40},"end":{"line":6,"column":41}},"loc":{"start":{"line":6,"column":61},"end":{"line":12,"column":35}},"line":6},"2":{"name":"(anonymous_2)","decl":{"start":{"line":15,"column":4},"end":{"line":15,"column":5}},"loc":{"start":{"line":15,"column":36},"end":{"line":22,"column":5}},"line":15},"3":{"name":"(anonymous_3)","decl":{"start":{"line":19,"column":22},"end":{"line":19,"column":23}},"loc":{"start":{"line":19,"column":29},"end":{"line":20,"column":25}},"line":19},"4":{"name":"(anonymous_4)","decl":{"start":{"line":23,"column":4},"end":{"line":23,"column":5}},"loc":{"start":{"line":23,"column":13},"end":{"line":44,"column":5}},"line":23}},"branchMap":{"0":{"loc":{"start":{"line":3,"column":84},"end":{"line":3,"column":130}},"type":"cond-expr","locations":[{"start":{"line":3,"column":108},"end":{"line":3,"column":111}},{"start":{"line":3,"column":114},"end":{"line":3,"column":130}}],"line":3},"1":{"loc":{"start":{"line":3,"column":84},"end":{"line":3,"column":105}},"type":"binary-expr","locations":[{"start":{"line":3,"column":84},"end":{"line":3,"column":87}},{"start":{"line":3,"column":91},"end":{"line":3,"column":105}}],"line":3},"2":{"loc":{"start":{"line":27,"column":8},"end":{"line":40,"column":9}},"type":"if","locations":[{"start":{"line":27,"column":8},"end":{"line":40,"column":9}},{"start":{"line":27,"column":8},"end":{"line":40,"column":9}}],"line":27}},"s":{"0":0,"1":0,"2":0,"3":0,"4":0,"5":0,"6":0,"7":0,"8":0,"9":0,"10":0,"11":0,"12":0,"13":0,"14":0,"15":0,"16":0,"17":0,"18":0,"19":0},"f":{"0":0,"1":0,"2":0,"3":0,"4":0},"b":{"0":[0,0],"1":[0,0],"2":[0,0]}}
,"/Users/maxbelous/Documents/react/React_cinema/src/components/Cinema/index.js": {"path":"/Users/maxbelous/Documents/react/React_cinema/src/components/Cinema/index.js","statementMap":{"0":{"start":{"line":1,"column":13},"end":{"line":1,"column":75}},"1":{"start":{"line":1,"column":94},"end":{"line":1,"column":172}},"2":{"start":{"line":1,"column":186},"end":{"line":1,"column":202}},"3":{"start":{"line":1,"column":217},"end":{"line":1,"column":247}},"4":{"start":{"line":2,"column":14},"end":{"line":2,"column":38}},"5":{"start":{"line":2,"column":54},"end":{"line":2,"column":85}},"6":{"start":{"line":3,"column":17},"end":{"line":3,"column":38}},"7":{"start":{"line":3,"column":77},"end":{"line":3,"column":131}},"8":{"start":{"line":15,"column":8},"end":{"line":15,"column":16}},"9":{"start":{"line":16,"column":8},"end":{"line":16,"column":56}},"10":{"start":{"line":20,"column":8},"end":{"line":20,"column":93}},"11":{"start":{"line":24,"column":31},"end":{"line":24,"column":41}},"12":{"start":{"line":26,"column":8},"end":{"line":30,"column":119}},"13":{"start":{"line":34,"column":6},"end":{"line":34,"column":31}},"14":{"start":{"line":34,"column":31},"end":{"line":34,"column":213}}},"fnMap":{"0":{"name":"_interopRequireDefault","decl":{"start":{"line":3,"column":48},"end":{"line":3,"column":70}},"loc":{"start":{"line":3,"column":76},"end":{"line":3,"column":132}},"line":3},"1":{"name":"(anonymous_1)","decl":{"start":{"line":14,"column":4},"end":{"line":14,"column":5}},"loc":{"start":{"line":14,"column":18},"end":{"line":17,"column":5}},"line":14},"2":{"name":"(anonymous_2)","decl":{"start":{"line":19,"column":4},"end":{"line":19,"column":5}},"loc":{"start":{"line":19,"column":19},"end":{"line":21,"column":5}},"line":19},"3":{"name":"(anonymous_3)","decl":{"start":{"line":23,"column":4},"end":{"line":23,"column":5}},"loc":{"start":{"line":23,"column":13},"end":{"line":34,"column":5}},"line":23}},"branchMap":{"0":{"loc":{"start":{"line":3,"column":84},"end":{"line":3,"column":130}},"type":"cond-expr","locations":[{"start":{"line":3,"column":108},"end":{"line":3,"column":111}},{"start":{"line":3,"column":114},"end":{"line":3,"column":130}}],"line":3},"1":{"loc":{"start":{"line":3,"column":84},"end":{"line":3,"column":105}},"type":"binary-expr","locations":[{"start":{"line":3,"column":84},"end":{"line":3,"column":87}},{"start":{"line":3,"column":91},"end":{"line":3,"column":105}}],"line":3}},"s":{"0":0,"1":0,"2":0,"3":0,"4":0,"5":0,"6":0,"7":0,"8":0,"9":0,"10":0,"11":0,"12":0,"13":0,"14":0},"f":{"0":0,"1":0,"2":0,"3":0},"b":{"0":[0,0],"1":[0,0]}}
,"/Users/maxbelous/Documents/react/React_cinema/src/components/CinemaDetails/index.js": {"path":"/Users/maxbelous/Documents/react/React_cinema/src/components/CinemaDetails/index.js","statementMap":{"0":{"start":{"line":1,"column":13},"end":{"line":1,"column":75}},"1":{"start":{"line":1,"column":94},"end":{"line":1,"column":179}},"2":{"start":{"line":1,"column":193},"end":{"line":1,"column":209}},"3":{"start":{"line":1,"column":224},"end":{"line":1,"column":254}},"4":{"start":{"line":2,"column":14},"end":{"line":2,"column":38}},"5":{"start":{"line":2,"column":54},"end":{"line":2,"column":85}},"6":{"start":{"line":3,"column":15},"end":{"line":3,"column":58}},"7":{"start":{"line":3,"column":74},"end":{"line":3,"column":106}},"8":{"start":{"line":4,"column":17},"end":{"line":4,"column":38}},"9":{"start":{"line":4,"column":77},"end":{"line":4,"column":131}},"10":{"start":{"line":17,"column":8},"end":{"line":17,"column":16}},"11":{"start":{"line":18,"column":8},"end":{"line":18,"column":48}},"12":{"start":{"line":21,"column":23},"end":{"line":22,"column":37}},"13":{"start":{"line":25,"column":8},"end":{"line":25,"column":35}},"14":{"start":{"line":29,"column":62},"end":{"line":29,"column":72}},"15":{"start":{"line":31,"column":8},"end":{"line":47,"column":160}},"16":{"start":{"line":53,"column":6},"end":{"line":53,"column":38}},"17":{"start":{"line":53,"column":38},"end":{"line":53,"column":265}}},"fnMap":{"0":{"name":"_interopRequireDefault","decl":{"start":{"line":4,"column":48},"end":{"line":4,"column":70}},"loc":{"start":{"line":4,"column":76},"end":{"line":4,"column":132}},"line":4},"1":{"name":"(anonymous_1)","decl":{"start":{"line":16,"column":4},"end":{"line":16,"column":5}},"loc":{"start":{"line":16,"column":18},"end":{"line":19,"column":5}},"line":16},"2":{"name":"(anonymous_2)","decl":{"start":{"line":20,"column":4},"end":{"line":20,"column":5}},"loc":{"start":{"line":20,"column":15},"end":{"line":26,"column":5}},"line":20},"3":{"name":"(anonymous_3)","decl":{"start":{"line":28,"column":4},"end":{"line":28,"column":5}},"loc":{"start":{"line":28,"column":13},"end":{"line":53,"column":5}},"line":28}},"branchMap":{"0":{"loc":{"start":{"line":4,"column":84},"end":{"line":4,"column":130}},"type":"cond-expr","locations":[{"start":{"line":4,"column":108},"end":{"line":4,"column":111}},{"start":{"line":4,"column":114},"end":{"line":4,"column":130}}],"line":4},"1":{"loc":{"start":{"line":4,"column":84},"end":{"line":4,"column":105}},"type":"binary-expr","locations":[{"start":{"line":4,"column":84},"end":{"line":4,"column":87}},{"start":{"line":4,"column":91},"end":{"line":4,"column":105}}],"line":4}},"s":{"0":0,"1":0,"2":0,"3":0,"4":0,"5":0,"6":0,"7":0,"8":0,"9":0,"10":0,"11":0,"12":0,"13":0,"14":0,"15":0,"16":0,"17":0},"f":{"0":0,"1":0,"2":0,"3":0},"b":{"0":[0,0],"1":[0,0]}}
,"/Users/maxbelous/Documents/react/React_cinema/src/components/CinemaList/index.js": {"path":"/Users/maxbelous/Documents/react/React_cinema/src/components/CinemaList/index.js","statementMap":{"0":{"start":{"line":1,"column":13},"end":{"line":1,"column":75}},"1":{"start":{"line":1,"column":94},"end":{"line":1,"column":176}},"2":{"start":{"line":1,"column":190},"end":{"line":1,"column":206}},"3":{"start":{"line":1,"column":221},"end":{"line":1,"column":251}},"4":{"start":{"line":2,"column":14},"end":{"line":2,"column":38}},"5":{"start":{"line":2,"column":54},"end":{"line":2,"column":85}},"6":{"start":{"line":3,"column":15},"end":{"line":3,"column":58}},"7":{"start":{"line":3,"column":74},"end":{"line":3,"column":106}},"8":{"start":{"line":4,"column":17},"end":{"line":4,"column":38}},"9":{"start":{"line":5,"column":14},"end":{"line":5,"column":48}},"10":{"start":{"line":5,"column":64},"end":{"line":5,"column":95}},"11":{"start":{"line":5,"column":134},"end":{"line":5,"column":188}},"12":{"start":{"line":8,"column":15},"end":{"line":8,"column":119}},"13":{"start":{"line":9,"column":19},"end":{"line":9,"column":119}},"14":{"start":{"line":18,"column":8},"end":{"line":18,"column":16}},"15":{"start":{"line":18,"column":16},"end":{"line":26,"column":29}},"16":{"start":{"line":26,"column":29},"end":{"line":26,"column":71}},"17":{"start":{"line":26,"column":71},"end":{"line":26,"column":115}},"18":{"start":{"line":26,"column":115},"end":{"line":26,"column":161}},"19":{"start":{"line":30,"column":8},"end":{"line":30,"column":25}},"20":{"start":{"line":34,"column":8},"end":{"line":49,"column":53}},"21":{"start":{"line":38,"column":12},"end":{"line":40,"column":13}},"22":{"start":{"line":39,"column":16},"end":{"line":39,"column":52}},"23":{"start":{"line":42,"column":12},"end":{"line":42,"column":35}},"24":{"start":{"line":45,"column":12},"end":{"line":46,"column":35}},"25":{"start":{"line":45,"column":33},"end":{"line":46,"column":32}},"26":{"start":{"line":49,"column":31},"end":{"line":49,"column":51}},"27":{"start":{"line":53,"column":8},"end":{"line":54,"column":31}},"28":{"start":{"line":53,"column":29},"end":{"line":54,"column":28}},"29":{"start":{"line":57,"column":8},"end":{"line":57,"column":37}},"30":{"start":{"line":60,"column":8},"end":{"line":61,"column":32}},"31":{"start":{"line":60,"column":29},"end":{"line":61,"column":29}},"32":{"start":{"line":64,"column":8},"end":{"line":64,"column":41}},"33":{"start":{"line":68,"column":32},"end":{"line":68,"column":42}},"34":{"start":{"line":69,"column":26},"end":{"line":69,"column":36}},"35":{"start":{"line":70,"column":25},"end":{"line":71,"column":222}},"36":{"start":{"line":71,"column":8},"end":{"line":71,"column":221}},"37":{"start":{"line":74,"column":8},"end":{"line":82,"column":37}},"38":{"start":{"line":87,"column":6},"end":{"line":87,"column":35}},"39":{"start":{"line":87,"column":35},"end":{"line":87,"column":103}}},"fnMap":{"0":{"name":"_interopRequireDefault","decl":{"start":{"line":5,"column":105},"end":{"line":5,"column":127}},"loc":{"start":{"line":5,"column":133},"end":{"line":5,"column":189}},"line":5},"1":{"name":"(anonymous_1)","decl":{"start":{"line":17,"column":4},"end":{"line":17,"column":5}},"loc":{"start":{"line":17,"column":18},"end":{"line":26,"column":162}},"line":17},"2":{"name":"(anonymous_2)","decl":{"start":{"line":29,"column":4},"end":{"line":29,"column":5}},"loc":{"start":{"line":29,"column":25},"end":{"line":31,"column":5}},"line":29},"3":{"name":"(anonymous_3)","decl":{"start":{"line":33,"column":4},"end":{"line":33,"column":5}},"loc":{"start":{"line":33,"column":25},"end":{"line":50,"column":5}},"line":33},"4":{"name":"(anonymous_4)","decl":{"start":{"line":37,"column":13},"end":{"line":37,"column":14}},"loc":{"start":{"line":37,"column":25},"end":{"line":43,"column":9}},"line":37},"5":{"name":"(anonymous_5)","decl":{"start":{"line":44,"column":13},"end":{"line":44,"column":14}},"loc":{"start":{"line":44,"column":30},"end":{"line":48,"column":9}},"line":44},"6":{"name":"(anonymous_6)","decl":{"start":{"line":45,"column":26},"end":{"line":45,"column":27}},"loc":{"start":{"line":45,"column":33},"end":{"line":46,"column":32}},"line":45},"7":{"name":"(anonymous_7)","decl":{"start":{"line":49,"column":14},"end":{"line":49,"column":15}},"loc":{"start":{"line":49,"column":31},"end":{"line":49,"column":51}},"line":49},"8":{"name":"(anonymous_8)","decl":{"start":{"line":52,"column":4},"end":{"line":52,"column":5}},"loc":{"start":{"line":52,"column":17},"end":{"line":58,"column":5}},"line":52},"9":{"name":"(anonymous_9)","decl":{"start":{"line":53,"column":22},"end":{"line":53,"column":23}},"loc":{"start":{"line":53,"column":29},"end":{"line":54,"column":28}},"line":53},"10":{"name":"(anonymous_10)","decl":{"start":{"line":59,"column":4},"end":{"line":59,"column":5}},"loc":{"start":{"line":59,"column":18},"end":{"line":65,"column":5}},"line":59},"11":{"name":"(anonymous_11)","decl":{"start":{"line":60,"column":22},"end":{"line":60,"column":23}},"loc":{"start":{"line":60,"column":29},"end":{"line":61,"column":29}},"line":60},"12":{"name":"(anonymous_12)","decl":{"start":{"line":67,"column":4},"end":{"line":67,"column":5}},"loc":{"start":{"line":67,"column":13},"end":{"line":87,"column":5}},"line":67},"13":{"name":"(anonymous_13)","decl":{"start":{"line":70,"column":35},"end":{"line":70,"column":36}},"loc":{"start":{"line":71,"column":8},"end":{"line":71,"column":221}},"line":71}},"branchMap":{"0":{"loc":{"start":{"line":5,"column":141},"end":{"line":5,"column":187}},"type":"cond-expr","locations":[{"start":{"line":5,"column":165},"end":{"line":5,"column":168}},{"start":{"line":5,"column":171},"end":{"line":5,"column":187}}],"line":5},"1":{"loc":{"start":{"line":5,"column":141},"end":{"line":5,"column":162}},"type":"binary-expr","locations":[{"start":{"line":5,"column":141},"end":{"line":5,"column":144}},{"start":{"line":5,"column":148},"end":{"line":5,"column":162}}],"line":5},"2":{"loc":{"start":{"line":38,"column":12},"end":{"line":40,"column":13}},"type":"if","locations":[{"start":{"line":38,"column":12},"end":{"line":40,"column":13}},{"start":{"line":38,"column":12},"end":{"line":40,"column":13}}],"line":38}},"s":{"0":0,"1":0,"2":0,"3":0,"4":0,"5":0,"6":0,"7":0,"8":0,"9":0,"10":0,"11":0,"12":0,"13":0,"14":0,"15":0,"16":0,"17":0,"18":0,"19":0,"20":0,"21":0,"22":0,"23":0,"24":0,"25":0,"26":0,"27":0,"28":0,"29":0,"30":0,"31":0,"32":0,"33":0,"34":0,"35":0,"36":0,"37":0,"38":0,"39":0},"f":{"0":0,"1":0,"2":0,"3":0,"4":0,"5":0,"6":0,"7":0,"8":0,"9":0,"10":0,"11":0,"12":0,"13":0},"b":{"0":[0,0],"1":[0,0],"2":[0,0]}}
,"/Users/maxbelous/Documents/react/React_cinema/src/components/Composer/index.js": {"path":"/Users/maxbelous/Documents/react/React_cinema/src/components/Composer/index.js","statementMap":{"0":{"start":{"line":1,"column":13},"end":{"line":1,"column":75}},"1":{"start":{"line":1,"column":94},"end":{"line":1,"column":174}},"2":{"start":{"line":1,"column":188},"end":{"line":1,"column":204}},"3":{"start":{"line":1,"column":219},"end":{"line":1,"column":249}},"4":{"start":{"line":2,"column":14},"end":{"line":2,"column":38}},"5":{"start":{"line":2,"column":54},"end":{"line":2,"column":85}},"6":{"start":{"line":3,"column":17},"end":{"line":3,"column":38}},"7":{"start":{"line":3,"column":57},"end":{"line":3,"column":91}},"8":{"start":{"line":4,"column":15},"end":{"line":4,"column":39}},"9":{"start":{"line":4,"column":78},"end":{"line":4,"column":132}},"10":{"start":{"line":17,"column":8},"end":{"line":17,"column":16}},"11":{"start":{"line":17,"column":16},"end":{"line":25,"column":40}},"12":{"start":{"line":25,"column":40},"end":{"line":25,"column":90}},"13":{"start":{"line":25,"column":90},"end":{"line":25,"column":156}},"14":{"start":{"line":25,"column":156},"end":{"line":25,"column":210}},"15":{"start":{"line":28,"column":8},"end":{"line":29,"column":66}},"16":{"start":{"line":28,"column":29},"end":{"line":29,"column":63}},"17":{"start":{"line":33,"column":8},"end":{"line":33,"column":31}},"18":{"start":{"line":34,"column":34},"end":{"line":34,"column":44}},"19":{"start":{"line":36,"column":8},"end":{"line":38,"column":9}},"20":{"start":{"line":37,"column":12},"end":{"line":37,"column":19}},"21":{"start":{"line":40,"column":8},"end":{"line":45,"column":43}},"22":{"start":{"line":48,"column":8},"end":{"line":49,"column":34}},"23":{"start":{"line":48,"column":29},"end":{"line":49,"column":31}},"24":{"start":{"line":54,"column":30},"end":{"line":54,"column":48}},"25":{"start":{"line":56,"column":8},"end":{"line":57,"column":30}},"26":{"start":{"line":56,"column":29},"end":{"line":57,"column":27}},"27":{"start":{"line":61,"column":35},"end":{"line":61,"column":45}},"28":{"start":{"line":62,"column":38},"end":{"line":62,"column":50}},"29":{"start":{"line":63,"column":53},"end":{"line":63,"column":63}},"30":{"start":{"line":65,"column":8},"end":{"line":80,"column":165}},"31":{"start":{"line":84,"column":6},"end":{"line":84,"column":33}},"32":{"start":{"line":84,"column":33},"end":{"line":84,"column":206}},"33":{"start":{"line":84,"column":206},"end":{"line":84,"column":332}}},"fnMap":{"0":{"name":"_interopRequireDefault","decl":{"start":{"line":4,"column":49},"end":{"line":4,"column":71}},"loc":{"start":{"line":4,"column":77},"end":{"line":4,"column":133}},"line":4},"1":{"name":"(anonymous_1)","decl":{"start":{"line":16,"column":4},"end":{"line":16,"column":5}},"loc":{"start":{"line":16,"column":18},"end":{"line":25,"column":211}},"line":16},"2":{"name":"(anonymous_2)","decl":{"start":{"line":27,"column":4},"end":{"line":27,"column":5}},"loc":{"start":{"line":27,"column":22},"end":{"line":31,"column":5}},"line":27},"3":{"name":"(anonymous_3)","decl":{"start":{"line":28,"column":22},"end":{"line":28,"column":23}},"loc":{"start":{"line":28,"column":29},"end":{"line":29,"column":63}},"line":28},"4":{"name":"(anonymous_4)","decl":{"start":{"line":32,"column":4},"end":{"line":32,"column":5}},"loc":{"start":{"line":32,"column":25},"end":{"line":51,"column":5}},"line":32},"5":{"name":"(anonymous_5)","decl":{"start":{"line":48,"column":22},"end":{"line":48,"column":23}},"loc":{"start":{"line":48,"column":29},"end":{"line":49,"column":31}},"line":48},"6":{"name":"(anonymous_6)","decl":{"start":{"line":53,"column":4},"end":{"line":53,"column":5}},"loc":{"start":{"line":53,"column":33},"end":{"line":59,"column":5}},"line":53},"7":{"name":"(anonymous_7)","decl":{"start":{"line":56,"column":22},"end":{"line":56,"column":23}},"loc":{"start":{"line":56,"column":29},"end":{"line":57,"column":27}},"line":56},"8":{"name":"(anonymous_8)","decl":{"start":{"line":60,"column":4},"end":{"line":60,"column":5}},"loc":{"start":{"line":60,"column":13},"end":{"line":84,"column":5}},"line":60}},"branchMap":{"0":{"loc":{"start":{"line":4,"column":85},"end":{"line":4,"column":131}},"type":"cond-expr","locations":[{"start":{"line":4,"column":109},"end":{"line":4,"column":112}},{"start":{"line":4,"column":115},"end":{"line":4,"column":131}}],"line":4},"1":{"loc":{"start":{"line":4,"column":85},"end":{"line":4,"column":106}},"type":"binary-expr","locations":[{"start":{"line":4,"column":85},"end":{"line":4,"column":88}},{"start":{"line":4,"column":92},"end":{"line":4,"column":106}}],"line":4},"2":{"loc":{"start":{"line":36,"column":8},"end":{"line":38,"column":9}},"type":"if","locations":[{"start":{"line":36,"column":8},"end":{"line":38,"column":9}},{"start":{"line":36,"column":8},"end":{"line":38,"column":9}}],"line":36}},"s":{"0":0,"1":0,"2":0,"3":0,"4":0,"5":0,"6":0,"7":0,"8":0,"9":0,"10":0,"11":0,"12":0,"13":0,"14":0,"15":0,"16":0,"17":0,"18":0,"19":0,"20":0,"21":0,"22":0,"23":0,"24":0,"25":0,"26":0,"27":0,"28":0,"29":0,"30":0,"31":0,"32":0,"33":0},"f":{"0":0,"1":0,"2":0,"3":0,"4":0,"5":0,"6":0,"7":0,"8":0},"b":{"0":[0,0],"1":[0,0],"2":[0,0]}}
,"/Users/maxbelous/Documents/react/React_cinema/src/components/Counter/index.js": {"path":"/Users/maxbelous/Documents/react/React_cinema/src/components/Counter/index.js","statementMap":{"0":{"start":{"line":1,"column":13},"end":{"line":1,"column":75}},"1":{"start":{"line":1,"column":94},"end":{"line":1,"column":173}},"2":{"start":{"line":1,"column":187},"end":{"line":1,"column":203}},"3":{"start":{"line":1,"column":218},"end":{"line":1,"column":248}},"4":{"start":{"line":2,"column":14},"end":{"line":2,"column":38}},"5":{"start":{"line":2,"column":54},"end":{"line":2,"column":85}},"6":{"start":{"line":3,"column":17},"end":{"line":3,"column":38}},"7":{"start":{"line":3,"column":77},"end":{"line":3,"column":131}},"8":{"start":{"line":5,"column":16},"end":{"line":6,"column":178}},"9":{"start":{"line":6,"column":0},"end":{"line":6,"column":178}},"10":{"start":{"line":9,"column":0},"end":{"line":10,"column":42}},"11":{"start":{"line":13,"column":0},"end":{"line":14,"column":15}},"12":{"start":{"line":14,"column":15},"end":{"line":17,"column":8}}},"fnMap":{"0":{"name":"_interopRequireDefault","decl":{"start":{"line":3,"column":48},"end":{"line":3,"column":70}},"loc":{"start":{"line":3,"column":76},"end":{"line":3,"column":132}},"line":3},"1":{"name":"(anonymous_1)","decl":{"start":{"line":5,"column":16},"end":{"line":5,"column":17}},"loc":{"start":{"line":6,"column":0},"end":{"line":6,"column":178}},"line":6}},"branchMap":{"0":{"loc":{"start":{"line":3,"column":84},"end":{"line":3,"column":130}},"type":"cond-expr","locations":[{"start":{"line":3,"column":108},"end":{"line":3,"column":111}},{"start":{"line":3,"column":114},"end":{"line":3,"column":130}}],"line":3},"1":{"loc":{"start":{"line":3,"column":84},"end":{"line":3,"column":105}},"type":"binary-expr","locations":[{"start":{"line":3,"column":84},"end":{"line":3,"column":87}},{"start":{"line":3,"column":91},"end":{"line":3,"column":105}}],"line":3}},"s":{"0":0,"1":0,"2":0,"3":0,"4":0,"5":0,"6":0,"7":0,"8":0,"9":0,"10":0,"11":0,"12":0},"f":{"0":0,"1":0},"b":{"0":[0,0],"1":[0,0]}}
,"/Users/maxbelous/Documents/react/React_cinema/src/components/Favorites/index.js": {"path":"/Users/maxbelous/Documents/react/React_cinema/src/components/Favorites/index.js","statementMap":{"0":{"start":{"line":1,"column":13},"end":{"line":1,"column":75}},"1":{"start":{"line":1,"column":94},"end":{"line":1,"column":175}},"2":{"start":{"line":1,"column":189},"end":{"line":1,"column":205}},"3":{"start":{"line":1,"column":220},"end":{"line":1,"column":250}},"4":{"start":{"line":2,"column":14},"end":{"line":2,"column":38}},"5":{"start":{"line":2,"column":54},"end":{"line":2,"column":85}},"6":{"start":{"line":3,"column":15},"end":{"line":3,"column":58}},"7":{"start":{"line":3,"column":74},"end":{"line":3,"column":106}},"8":{"start":{"line":4,"column":17},"end":{"line":4,"column":38}},"9":{"start":{"line":4,"column":77},"end":{"line":4,"column":131}},"10":{"start":{"line":13,"column":30},"end":{"line":13,"column":40}},"11":{"start":{"line":14,"column":30},"end":{"line":15,"column":145}},"12":{"start":{"line":15,"column":8},"end":{"line":15,"column":144}},"13":{"start":{"line":18,"column":8},"end":{"line":23,"column":42}},"14":{"start":{"line":28,"column":6},"end":{"line":28,"column":35}},"15":{"start":{"line":28,"column":35},"end":{"line":28,"column":102}}},"fnMap":{"0":{"name":"_interopRequireDefault","decl":{"start":{"line":4,"column":48},"end":{"line":4,"column":70}},"loc":{"start":{"line":4,"column":76},"end":{"line":4,"column":132}},"line":4},"1":{"name":"(anonymous_1)","decl":{"start":{"line":12,"column":4},"end":{"line":12,"column":5}},"loc":{"start":{"line":12,"column":13},"end":{"line":28,"column":5}},"line":12},"2":{"name":"(anonymous_2)","decl":{"start":{"line":14,"column":44},"end":{"line":14,"column":45}},"loc":{"start":{"line":15,"column":8},"end":{"line":15,"column":144}},"line":15}},"branchMap":{"0":{"loc":{"start":{"line":4,"column":84},"end":{"line":4,"column":130}},"type":"cond-expr","locations":[{"start":{"line":4,"column":108},"end":{"line":4,"column":111}},{"start":{"line":4,"column":114},"end":{"line":4,"column":130}}],"line":4},"1":{"loc":{"start":{"line":4,"column":84},"end":{"line":4,"column":105}},"type":"binary-expr","locations":[{"start":{"line":4,"column":84},"end":{"line":4,"column":87}},{"start":{"line":4,"column":91},"end":{"line":4,"column":105}}],"line":4}},"s":{"0":0,"1":0,"2":0,"3":0,"4":0,"5":0,"6":0,"7":0,"8":0,"9":0,"10":0,"11":0,"12":0,"13":0,"14":0,"15":0},"f":{"0":0,"1":0,"2":0},"b":{"0":[0,0],"1":[0,0]}}
,"/Users/maxbelous/Documents/react/React_cinema/src/components/Feed/index.js": {"path":"/Users/maxbelous/Documents/react/React_cinema/src/components/Feed/index.js","statementMap":{"0":{"start":{"line":1,"column":13},"end":{"line":1,"column":75}},"1":{"start":{"line":1,"column":94},"end":{"line":1,"column":170}},"2":{"start":{"line":1,"column":184},"end":{"line":1,"column":200}},"3":{"start":{"line":1,"column":215},"end":{"line":1,"column":245}},"4":{"start":{"line":2,"column":28},"end":{"line":2,"column":61}},"5":{"start":{"line":3,"column":16},"end":{"line":3,"column":38}},"6":{"start":{"line":3,"column":56},"end":{"line":3,"column":89}},"7":{"start":{"line":4,"column":12},"end":{"line":4,"column":30}},"8":{"start":{"line":4,"column":44},"end":{"line":4,"column":73}},"9":{"start":{"line":5,"column":15},"end":{"line":5,"column":36}},"10":{"start":{"line":5,"column":53},"end":{"line":5,"column":85}},"11":{"start":{"line":6,"column":15},"end":{"line":6,"column":36}},"12":{"start":{"line":6,"column":53},"end":{"line":6,"column":85}},"13":{"start":{"line":7,"column":14},"end":{"line":7,"column":38}},"14":{"start":{"line":7,"column":54},"end":{"line":7,"column":85}},"15":{"start":{"line":8,"column":17},"end":{"line":8,"column":38}},"16":{"start":{"line":9,"column":14},"end":{"line":9,"column":54}},"17":{"start":{"line":9,"column":70},"end":{"line":9,"column":101}},"18":{"start":{"line":10,"column":12},"end":{"line":10,"column":27}},"19":{"start":{"line":10,"column":66},"end":{"line":10,"column":120}},"20":{"start":{"line":10,"column":153},"end":{"line":10,"column":553}},"21":{"start":{"line":10,"column":183},"end":{"line":10,"column":208}},"22":{"start":{"line":10,"column":209},"end":{"line":10,"column":551}},"23":{"start":{"line":10,"column":281},"end":{"line":10,"column":373}},"24":{"start":{"line":10,"column":297},"end":{"line":10,"column":310}},"25":{"start":{"line":10,"column":323},"end":{"line":10,"column":333}},"26":{"start":{"line":10,"column":351},"end":{"line":10,"column":365}},"27":{"start":{"line":10,"column":365},"end":{"line":10,"column":372}},"28":{"start":{"line":10,"column":373},"end":{"line":10,"column":527}},"29":{"start":{"line":10,"column":389},"end":{"line":10,"column":404}},"30":{"start":{"line":10,"column":412},"end":{"line":10,"column":526}},"31":{"start":{"line":10,"column":465},"end":{"line":10,"column":485}},"32":{"start":{"line":10,"column":504},"end":{"line":10,"column":523}},"33":{"start":{"line":10,"column":528},"end":{"line":10,"column":548}},"34":{"start":{"line":20,"column":8},"end":{"line":20,"column":16}},"35":{"start":{"line":20,"column":16},"end":{"line":34,"column":28}},"36":{"start":{"line":34,"column":28},"end":{"line":34,"column":74}},"37":{"start":{"line":34,"column":74},"end":{"line":34,"column":114}},"38":{"start":{"line":34,"column":114},"end":{"line":34,"column":168}},"39":{"start":{"line":34,"column":168},"end":{"line":34,"column":214}},"40":{"start":{"line":34,"column":214},"end":{"line":34,"column":280}},"41":{"start":{"line":34,"column":280},"end":{"line":34,"column":344}},"42":{"start":{"line":34,"column":344},"end":{"line":34,"column":408}},"43":{"start":{"line":34,"column":408},"end":{"line":34,"column":478}},"44":{"start":{"line":34,"column":478},"end":{"line":34,"column":528}},"45":{"start":{"line":38,"column":8},"end":{"line":38,"column":23}},"46":{"start":{"line":39,"column":8},"end":{"line":40,"column":37}},"47":{"start":{"line":40,"column":14},"end":{"line":40,"column":28}},"48":{"start":{"line":42,"column":8},"end":{"line":47,"column":14}},"49":{"start":{"line":44,"column":8},"end":{"line":45,"column":30}},"50":{"start":{"line":44,"column":29},"end":{"line":45,"column":28}},"51":{"start":{"line":51,"column":8},"end":{"line":51,"column":41}},"52":{"start":{"line":54,"column":8},"end":{"line":58,"column":30}},"53":{"start":{"line":62,"column":8},"end":{"line":66,"column":30}},"54":{"start":{"line":70,"column":8},"end":{"line":74,"column":95}},"55":{"start":{"line":74,"column":46},"end":{"line":74,"column":91}},"56":{"start":{"line":78,"column":8},"end":{"line":82,"column":33}},"57":{"start":{"line":87,"column":8},"end":{"line":87,"column":31}},"58":{"start":{"line":90,"column":53},"end":{"line":90,"column":65}},"59":{"start":{"line":92,"column":8},"end":{"line":117,"column":53}},"60":{"start":{"line":105,"column":12},"end":{"line":107,"column":13}},"61":{"start":{"line":106,"column":16},"end":{"line":106,"column":56}},"62":{"start":{"line":109,"column":12},"end":{"line":109,"column":35}},"63":{"start":{"line":112,"column":8},"end":{"line":113,"column":39}},"64":{"start":{"line":112,"column":38},"end":{"line":113,"column":37}},"65":{"start":{"line":117,"column":31},"end":{"line":117,"column":51}},"66":{"start":{"line":120,"column":34},"end":{"line":120,"column":38}},"67":{"start":{"line":120,"column":39},"end":{"line":135,"column":18}},"68":{"start":{"line":121,"column":12},"end":{"line":135,"column":13}},"69":{"start":{"line":122,"column":32},"end":{"line":122,"column":45}},"70":{"start":{"line":123,"column":33},"end":{"line":124,"column":39}},"71":{"start":{"line":127,"column":16},"end":{"line":129,"column":17}},"72":{"start":{"line":128,"column":20},"end":{"line":128,"column":56}},"73":{"start":{"line":130,"column":16},"end":{"line":131,"column":93}},"74":{"start":{"line":130,"column":53},"end":{"line":131,"column":90}},"75":{"start":{"line":131,"column":61},"end":{"line":131,"column":85}},"76":{"start":{"line":134,"column":16},"end":{"line":134,"column":37}},"77":{"start":{"line":141,"column":8},"end":{"line":141,"column":29}},"78":{"start":{"line":142,"column":40},"end":{"line":142,"column":52}},"79":{"start":{"line":143,"column":8},"end":{"line":150,"column":31}},"80":{"start":{"line":158,"column":8},"end":{"line":175,"column":53}},"81":{"start":{"line":162,"column":12},"end":{"line":164,"column":13}},"82":{"start":{"line":163,"column":16},"end":{"line":163,"column":52}},"83":{"start":{"line":167,"column":12},"end":{"line":167,"column":33}},"84":{"start":{"line":170,"column":8},"end":{"line":171,"column":27}},"85":{"start":{"line":170,"column":29},"end":{"line":171,"column":25}},"86":{"start":{"line":175,"column":31},"end":{"line":175,"column":51}},"87":{"start":{"line":179,"column":35},"end":{"line":179,"column":45}},"88":{"start":{"line":180,"column":25},"end":{"line":204,"column":121}},"89":{"start":{"line":183,"column":8},"end":{"line":204,"column":120}},"90":{"start":{"line":210,"column":8},"end":{"line":235,"column":145}},"91":{"start":{"line":239,"column":6},"end":{"line":239,"column":29}},"92":{"start":{"line":239,"column":29},"end":{"line":239,"column":206}}},"fnMap":{"0":{"name":"_interopRequireDefault","decl":{"start":{"line":10,"column":37},"end":{"line":10,"column":59}},"loc":{"start":{"line":10,"column":65},"end":{"line":10,"column":121}},"line":10},"1":{"name":"_asyncToGenerator","decl":{"start":{"line":10,"column":130},"end":{"line":10,"column":147}},"loc":{"start":{"line":10,"column":152},"end":{"line":10,"column":554}},"line":10},"2":{"name":"(anonymous_2)","decl":{"start":{"line":10,"column":160},"end":{"line":10,"column":161}},"loc":{"start":{"line":10,"column":172},"end":{"line":10,"column":552}},"line":10},"3":{"name":"(anonymous_3)","decl":{"start":{"line":10,"column":228},"end":{"line":10,"column":229}},"loc":{"start":{"line":10,"column":255},"end":{"line":10,"column":549}},"line":10},"4":{"name":"step","decl":{"start":{"line":10,"column":265},"end":{"line":10,"column":269}},"loc":{"start":{"line":10,"column":280},"end":{"line":10,"column":528}},"line":10},"5":{"name":"(anonymous_5)","decl":{"start":{"line":10,"column":447},"end":{"line":10,"column":448}},"loc":{"start":{"line":10,"column":464},"end":{"line":10,"column":486}},"line":10},"6":{"name":"(anonymous_6)","decl":{"start":{"line":10,"column":488},"end":{"line":10,"column":489}},"loc":{"start":{"line":10,"column":503},"end":{"line":10,"column":524}},"line":10},"7":{"name":"(anonymous_7)","decl":{"start":{"line":19,"column":4},"end":{"line":19,"column":5}},"loc":{"start":{"line":19,"column":18},"end":{"line":34,"column":529}},"line":19},"8":{"name":"(anonymous_8)","decl":{"start":{"line":37,"column":4},"end":{"line":37,"column":5}},"loc":{"start":{"line":37,"column":25},"end":{"line":49,"column":5}},"line":37},"9":{"name":"(anonymous_9)","decl":{"start":{"line":40,"column":8},"end":{"line":40,"column":9}},"loc":{"start":{"line":40,"column":14},"end":{"line":40,"column":28}},"line":40},"10":{"name":"(anonymous_10)","decl":{"start":{"line":43,"column":8},"end":{"line":43,"column":9}},"loc":{"start":{"line":44,"column":8},"end":{"line":45,"column":30}},"line":44},"11":{"name":"(anonymous_11)","decl":{"start":{"line":44,"column":22},"end":{"line":44,"column":23}},"loc":{"start":{"line":44,"column":29},"end":{"line":45,"column":28}},"line":44},"12":{"name":"(anonymous_12)","decl":{"start":{"line":50,"column":4},"end":{"line":50,"column":5}},"loc":{"start":{"line":50,"column":27},"end":{"line":52,"column":5}},"line":50},"13":{"name":"(anonymous_13)","decl":{"start":{"line":53,"column":4},"end":{"line":53,"column":5}},"loc":{"start":{"line":53,"column":36},"end":{"line":60,"column":5}},"line":53},"14":{"name":"(anonymous_14)","decl":{"start":{"line":61,"column":4},"end":{"line":61,"column":5}},"loc":{"start":{"line":61,"column":34},"end":{"line":68,"column":5}},"line":61},"15":{"name":"(anonymous_15)","decl":{"start":{"line":69,"column":4},"end":{"line":69,"column":5}},"loc":{"start":{"line":69,"column":34},"end":{"line":76,"column":5}},"line":69},"16":{"name":"(anonymous_16)","decl":{"start":{"line":74,"column":40},"end":{"line":74,"column":41}},"loc":{"start":{"line":74,"column":46},"end":{"line":74,"column":91}},"line":74},"17":{"name":"(anonymous_17)","decl":{"start":{"line":77,"column":4},"end":{"line":77,"column":5}},"loc":{"start":{"line":77,"column":37},"end":{"line":84,"column":5}},"line":77},"18":{"name":"(anonymous_18)","decl":{"start":{"line":86,"column":4},"end":{"line":86,"column":5}},"loc":{"start":{"line":86,"column":27},"end":{"line":88,"column":5}},"line":86},"19":{"name":"(anonymous_19)","decl":{"start":{"line":89,"column":4},"end":{"line":89,"column":5}},"loc":{"start":{"line":89,"column":22},"end":{"line":118,"column":5}},"line":89},"20":{"name":"(anonymous_20)","decl":{"start":{"line":104,"column":13},"end":{"line":104,"column":14}},"loc":{"start":{"line":104,"column":25},"end":{"line":110,"column":9}},"line":104},"21":{"name":"(anonymous_21)","decl":{"start":{"line":111,"column":13},"end":{"line":111,"column":14}},"loc":{"start":{"line":112,"column":8},"end":{"line":113,"column":39}},"line":112},"22":{"name":"(anonymous_22)","decl":{"start":{"line":112,"column":22},"end":{"line":112,"column":23}},"loc":{"start":{"line":112,"column":38},"end":{"line":113,"column":37}},"line":112},"23":{"name":"(anonymous_23)","decl":{"start":{"line":117,"column":14},"end":{"line":117,"column":15}},"loc":{"start":{"line":117,"column":31},"end":{"line":117,"column":51}},"line":117},"24":{"name":"(anonymous_24)","decl":{"start":{"line":120,"column":4},"end":{"line":120,"column":5}},"loc":{"start":{"line":120,"column":21},"end":{"line":137,"column":5}},"line":120},"25":{"name":"(anonymous_25)","decl":{"start":{"line":120,"column":64},"end":{"line":120,"column":65}},"loc":{"start":{"line":120,"column":77},"end":{"line":135,"column":14}},"line":120},"26":{"name":"(anonymous_26)","decl":{"start":{"line":130,"column":31},"end":{"line":130,"column":32}},"loc":{"start":{"line":130,"column":52},"end":{"line":131,"column":91}},"line":130},"27":{"name":"(anonymous_27)","decl":{"start":{"line":131,"column":44},"end":{"line":131,"column":45}},"loc":{"start":{"line":131,"column":60},"end":{"line":131,"column":86}},"line":131},"28":{"name":"(anonymous_28)","decl":{"start":{"line":140,"column":4},"end":{"line":140,"column":5}},"loc":{"start":{"line":140,"column":23},"end":{"line":154,"column":5}},"line":140},"29":{"name":"(anonymous_29)","decl":{"start":{"line":157,"column":4},"end":{"line":157,"column":5}},"loc":{"start":{"line":157,"column":15},"end":{"line":176,"column":5}},"line":157},"30":{"name":"(anonymous_30)","decl":{"start":{"line":161,"column":13},"end":{"line":161,"column":14}},"loc":{"start":{"line":161,"column":23},"end":{"line":168,"column":9}},"line":161},"31":{"name":"(anonymous_31)","decl":{"start":{"line":169,"column":13},"end":{"line":169,"column":14}},"loc":{"start":{"line":170,"column":8},"end":{"line":171,"column":27}},"line":170},"32":{"name":"(anonymous_32)","decl":{"start":{"line":170,"column":22},"end":{"line":170,"column":23}},"loc":{"start":{"line":170,"column":29},"end":{"line":171,"column":25}},"line":170},"33":{"name":"(anonymous_33)","decl":{"start":{"line":175,"column":14},"end":{"line":175,"column":15}},"loc":{"start":{"line":175,"column":31},"end":{"line":175,"column":51}},"line":175},"34":{"name":"(anonymous_34)","decl":{"start":{"line":178,"column":4},"end":{"line":178,"column":5}},"loc":{"start":{"line":178,"column":13},"end":{"line":239,"column":5}},"line":178},"35":{"name":"(anonymous_35)","decl":{"start":{"line":181,"column":8},"end":{"line":181,"column":9}},"loc":{"start":{"line":183,"column":8},"end":{"line":204,"column":120}},"line":183}},"branchMap":{"0":{"loc":{"start":{"line":10,"column":73},"end":{"line":10,"column":119}},"type":"cond-expr","locations":[{"start":{"line":10,"column":97},"end":{"line":10,"column":100}},{"start":{"line":10,"column":103},"end":{"line":10,"column":119}}],"line":10},"1":{"loc":{"start":{"line":10,"column":73},"end":{"line":10,"column":94}},"type":"binary-expr","locations":[{"start":{"line":10,"column":73},"end":{"line":10,"column":76}},{"start":{"line":10,"column":80},"end":{"line":10,"column":94}}],"line":10},"2":{"loc":{"start":{"line":10,"column":373},"end":{"line":10,"column":527}},"type":"if","locations":[{"start":{"line":10,"column":373},"end":{"line":10,"column":527}},{"start":{"line":10,"column":373},"end":{"line":10,"column":527}}],"line":10},"3":{"loc":{"start":{"line":105,"column":12},"end":{"line":107,"column":13}},"type":"if","locations":[{"start":{"line":105,"column":12},"end":{"line":107,"column":13}},{"start":{"line":105,"column":12},"end":{"line":107,"column":13}}],"line":105},"4":{"loc":{"start":{"line":127,"column":16},"end":{"line":129,"column":17}},"type":"if","locations":[{"start":{"line":127,"column":16},"end":{"line":129,"column":17}},{"start":{"line":127,"column":16},"end":{"line":129,"column":17}}],"line":127},"5":{"loc":{"start":{"line":162,"column":12},"end":{"line":164,"column":13}},"type":"if","locations":[{"start":{"line":162,"column":12},"end":{"line":164,"column":13}},{"start":{"line":162,"column":12},"end":{"line":164,"column":13}}],"line":162}},"s":{"0":0,"1":0,"2":0,"3":0,"4":0,"5":0,"6":0,"7":0,"8":0,"9":0,"10":0,"11":0,"12":0,"13":0,"14":0,"15":0,"16":0,"17":0,"18":0,"19":0,"20":0,"21":0,"22":0,"23":0,"24":0,"25":0,"26":0,"27":0,"28":0,"29":0,"30":0,"31":0,"32":0,"33":0,"34":0,"35":0,"36":0,"37":0,"38":0,"39":0,"40":0,"41":0,"42":0,"43":0,"44":0,"45":0,"46":0,"47":0,"48":0,"49":0,"50":0,"51":0,"52":0,"53":0,"54":0,"55":0,"56":0,"57":0,"58":0,"59":0,"60":0,"61":0,"62":0,"63":0,"64":0,"65":0,"66":0,"67":0,"68":0,"69":0,"70":0,"71":0,"72":0,"73":0,"74":0,"75":0,"76":0,"77":0,"78":0,"79":0,"80":0,"81":0,"82":0,"83":0,"84":0,"85":0,"86":0,"87":0,"88":0,"89":0,"90":0,"91":0,"92":0},"f":{"0":0,"1":0,"2":0,"3":0,"4":0,"5":0,"6":0,"7":0,"8":0,"9":0,"10":0,"11":0,"12":0,"13":0,"14":0,"15":0,"16":0,"17":0,"18":0,"19":0,"20":0,"21":0,"22":0,"23":0,"24":0,"25":0,"26":0,"27":0,"28":0,"29":0,"30":0,"31":0,"32":0,"33":0,"34":0,"35":0},"b":{"0":[0,0],"1":[0,0],"2":[0,0],"3":[0,0],"4":[0,0],"5":[0,0]}}
,"/Users/maxbelous/Documents/react/React_cinema/src/components/Footer/index.js": {"path":"/Users/maxbelous/Documents/react/React_cinema/src/components/Footer/index.js","statementMap":{"0":{"start":{"line":4,"column":15},"end":{"line":6,"column":1}},"1":{"start":{"line":5,"column":4},"end":{"line":5,"column":42}}},"fnMap":{"0":{"name":"(anonymous_0)","decl":{"start":{"line":4,"column":15},"end":{"line":4,"column":16}},"loc":{"start":{"line":5,"column":4},"end":{"line":5,"column":42}},"line":5}},"branchMap":{},"s":{"0":1,"1":1},"f":{"0":1},"b":{},"_coverageSchema":"332fd63041d2c1bcb487cc26dd0d5f7d97098a6c","hash":"bd8ecfa6af5c72a818d66e2636e84363338cc2b7"}
,"/Users/maxbelous/Documents/react/React_cinema/src/components/Header/index.js": {"path":"/Users/maxbelous/Documents/react/React_cinema/src/components/Header/index.js","statementMap":{"0":{"start":{"line":6,"column":15},"end":{"line":17,"column":1}},"1":{"start":{"line":7,"column":4},"end":{"line":16,"column":13}}},"fnMap":{"0":{"name":"(anonymous_0)","decl":{"start":{"line":6,"column":15},"end":{"line":6,"column":16}},"loc":{"start":{"line":7,"column":4},"end":{"line":16,"column":13}},"line":7}},"branchMap":{},"s":{"0":1,"1":1},"f":{"0":1},"b":{},"_coverageSchema":"332fd63041d2c1bcb487cc26dd0d5f7d97098a6c","hash":"978a1c024849218e582256b1c04d5bd089746b4b"}
,"/Users/maxbelous/Documents/react/React_cinema/src/components/Post/index.js": {"path":"/Users/maxbelous/Documents/react/React_cinema/src/components/Post/index.js","statementMap":{"0":{"start":{"line":1,"column":13},"end":{"line":1,"column":75}},"1":{"start":{"line":1,"column":94},"end":{"line":1,"column":170}},"2":{"start":{"line":1,"column":184},"end":{"line":1,"column":200}},"3":{"start":{"line":1,"column":215},"end":{"line":1,"column":245}},"4":{"start":{"line":2,"column":14},"end":{"line":2,"column":31}},"5":{"start":{"line":2,"column":47},"end":{"line":2,"column":78}},"6":{"start":{"line":3,"column":14},"end":{"line":3,"column":38}},"7":{"start":{"line":3,"column":54},"end":{"line":3,"column":85}},"8":{"start":{"line":4,"column":17},"end":{"line":4,"column":38}},"9":{"start":{"line":4,"column":57},"end":{"line":4,"column":91}},"10":{"start":{"line":5,"column":12},"end":{"line":5,"column":50}},"11":{"start":{"line":5,"column":64},"end":{"line":5,"column":93}},"12":{"start":{"line":5,"column":132},"end":{"line":5,"column":186}},"13":{"start":{"line":26,"column":8},"end":{"line":26,"column":16}},"14":{"start":{"line":27,"column":8},"end":{"line":27,"column":54}},"15":{"start":{"line":28,"column":8},"end":{"line":28,"column":58}},"16":{"start":{"line":31,"column":8},"end":{"line":31,"column":72}},"17":{"start":{"line":35,"column":8},"end":{"line":35,"column":46}},"18":{"start":{"line":38,"column":8},"end":{"line":38,"column":48}},"19":{"start":{"line":49,"column":8},"end":{"line":49,"column":18}},"20":{"start":{"line":53,"column":8},"end":{"line":53,"column":20}},"21":{"start":{"line":54,"column":25},"end":{"line":56,"column":44}},"22":{"start":{"line":58,"column":29},"end":{"line":60,"column":12}},"23":{"start":{"line":63,"column":8},"end":{"line":80,"column":31}},"24":{"start":{"line":83,"column":6},"end":{"line":83,"column":29}},"25":{"start":{"line":83,"column":29},"end":{"line":83,"column":533}},"26":{"start":{"line":83,"column":533},"end":{"line":83,"column":655}}},"fnMap":{"0":{"name":"_interopRequireDefault","decl":{"start":{"line":5,"column":103},"end":{"line":5,"column":125}},"loc":{"start":{"line":5,"column":131},"end":{"line":5,"column":187}},"line":5},"1":{"name":"(anonymous_1)","decl":{"start":{"line":25,"column":4},"end":{"line":25,"column":5}},"loc":{"start":{"line":25,"column":18},"end":{"line":29,"column":5}},"line":25},"2":{"name":"(anonymous_2)","decl":{"start":{"line":30,"column":4},"end":{"line":30,"column":5}},"loc":{"start":{"line":30,"column":37},"end":{"line":32,"column":5}},"line":30},"3":{"name":"(anonymous_3)","decl":{"start":{"line":34,"column":4},"end":{"line":34,"column":5}},"loc":{"start":{"line":34,"column":18},"end":{"line":36,"column":5}},"line":34},"4":{"name":"(anonymous_4)","decl":{"start":{"line":37,"column":4},"end":{"line":37,"column":5}},"loc":{"start":{"line":37,"column":20},"end":{"line":39,"column":5}},"line":37},"5":{"name":"(anonymous_5)","decl":{"start":{"line":41,"column":4},"end":{"line":41,"column":5}},"loc":{"start":{"line":41,"column":13},"end":{"line":83,"column":5}},"line":41}},"branchMap":{"0":{"loc":{"start":{"line":5,"column":139},"end":{"line":5,"column":185}},"type":"cond-expr","locations":[{"start":{"line":5,"column":163},"end":{"line":5,"column":166}},{"start":{"line":5,"column":169},"end":{"line":5,"column":185}}],"line":5},"1":{"loc":{"start":{"line":5,"column":139},"end":{"line":5,"column":160}},"type":"binary-expr","locations":[{"start":{"line":5,"column":139},"end":{"line":5,"column":142}},{"start":{"line":5,"column":146},"end":{"line":5,"column":160}}],"line":5},"2":{"loc":{"start":{"line":58,"column":29},"end":{"line":60,"column":12}},"type":"cond-expr","locations":[{"start":{"line":59,"column":8},"end":{"line":59,"column":320}},{"start":{"line":60,"column":8},"end":{"line":60,"column":12}}],"line":58}},"s":{"0":0,"1":0,"2":0,"3":0,"4":0,"5":0,"6":0,"7":0,"8":0,"9":0,"10":0,"11":0,"12":0,"13":0,"14":0,"15":0,"16":0,"17":0,"18":0,"19":0,"20":0,"21":0,"22":0,"23":0,"24":0,"25":0,"26":0},"f":{"0":0,"1":0,"2":0,"3":0,"4":0,"5":0},"b":{"0":[0,0],"1":[0,0],"2":[0,0]}}
,"/Users/maxbelous/Documents/react/React_cinema/src/components/Postman/index.js": {"path":"/Users/maxbelous/Documents/react/React_cinema/src/components/Postman/index.js","statementMap":{"0":{"start":{"line":1,"column":13},"end":{"line":1,"column":75}},"1":{"start":{"line":1,"column":94},"end":{"line":1,"column":173}},"2":{"start":{"line":1,"column":187},"end":{"line":1,"column":203}},"3":{"start":{"line":1,"column":218},"end":{"line":1,"column":248}},"4":{"start":{"line":2,"column":14},"end":{"line":2,"column":38}},"5":{"start":{"line":2,"column":54},"end":{"line":2,"column":85}},"6":{"start":{"line":3,"column":17},"end":{"line":3,"column":38}},"7":{"start":{"line":3,"column":77},"end":{"line":3,"column":131}},"8":{"start":{"line":5,"column":16},"end":{"line":8,"column":150}},"9":{"start":{"line":6,"column":0},"end":{"line":8,"column":150}},"10":{"start":{"line":12,"column":0},"end":{"line":14,"column":46}},"11":{"start":{"line":14,"column":46},"end":{"line":17,"column":8}}},"fnMap":{"0":{"name":"_interopRequireDefault","decl":{"start":{"line":3,"column":48},"end":{"line":3,"column":70}},"loc":{"start":{"line":3,"column":76},"end":{"line":3,"column":132}},"line":3},"1":{"name":"(anonymous_1)","decl":{"start":{"line":5,"column":16},"end":{"line":5,"column":17}},"loc":{"start":{"line":6,"column":0},"end":{"line":8,"column":150}},"line":6}},"branchMap":{"0":{"loc":{"start":{"line":3,"column":84},"end":{"line":3,"column":130}},"type":"cond-expr","locations":[{"start":{"line":3,"column":108},"end":{"line":3,"column":111}},{"start":{"line":3,"column":114},"end":{"line":3,"column":130}}],"line":3},"1":{"loc":{"start":{"line":3,"column":84},"end":{"line":3,"column":105}},"type":"binary-expr","locations":[{"start":{"line":3,"column":84},"end":{"line":3,"column":87}},{"start":{"line":3,"column":91},"end":{"line":3,"column":105}}],"line":3}},"s":{"0":0,"1":0,"2":0,"3":0,"4":0,"5":0,"6":0,"7":0,"8":0,"9":0,"10":0,"11":0},"f":{"0":0,"1":0},"b":{"0":[0,0],"1":[0,0]}}
,"/Users/maxbelous/Documents/react/React_cinema/src/containers/App/index.js": {"path":"/Users/maxbelous/Documents/react/React_cinema/src/containers/App/index.js","statementMap":{"0":{"start":{"line":1,"column":13},"end":{"line":1,"column":75}},"1":{"start":{"line":1,"column":94},"end":{"line":1,"column":169}},"2":{"start":{"line":5,"column":13},"end":{"line":5,"column":29}},"3":{"start":{"line":5,"column":44},"end":{"line":5,"column":74}},"4":{"start":{"line":5,"column":89},"end":{"line":5,"column":123}},"5":{"start":{"line":5,"column":139},"end":{"line":5,"column":170}},"6":{"start":{"line":6,"column":14},"end":{"line":6,"column":48}},"7":{"start":{"line":6,"column":64},"end":{"line":6,"column":95}},"8":{"start":{"line":7,"column":18},"end":{"line":7,"column":56}},"9":{"start":{"line":7,"column":76},"end":{"line":7,"column":111}},"10":{"start":{"line":8,"column":21},"end":{"line":8,"column":62}},"11":{"start":{"line":8,"column":85},"end":{"line":8,"column":123}},"12":{"start":{"line":9,"column":17},"end":{"line":9,"column":54}},"13":{"start":{"line":9,"column":73},"end":{"line":9,"column":107}},"14":{"start":{"line":9,"column":146},"end":{"line":9,"column":200}},"15":{"start":{"line":15,"column":8},"end":{"line":15,"column":16}},"16":{"start":{"line":15,"column":16},"end":{"line":25,"column":31}},"17":{"start":{"line":25,"column":31},"end":{"line":25,"column":79}},"18":{"start":{"line":25,"column":79},"end":{"line":25,"column":129}},"19":{"start":{"line":25,"column":129},"end":{"line":25,"column":169}},"20":{"start":{"line":28,"column":8},"end":{"line":32,"column":22}},"21":{"start":{"line":28,"column":29},"end":{"line":32,"column":19}},"22":{"start":{"line":36,"column":8},"end":{"line":37,"column":31}},"23":{"start":{"line":36,"column":29},"end":{"line":37,"column":28}},"24":{"start":{"line":42,"column":8},"end":{"line":43,"column":48}},"25":{"start":{"line":42,"column":42},"end":{"line":43,"column":45}},"26":{"start":{"line":48,"column":68},"end":{"line":48,"column":78}},"27":{"start":{"line":49,"column":34},"end":{"line":58,"column":12}},"28":{"start":{"line":60,"column":8},"end":{"line":66,"column":138}},"29":{"start":{"line":69,"column":6},"end":{"line":69,"column":28}}},"fnMap":{"0":{"name":"_interopRequireDefault","decl":{"start":{"line":9,"column":117},"end":{"line":9,"column":139}},"loc":{"start":{"line":9,"column":145},"end":{"line":9,"column":201}},"line":9},"1":{"name":"(anonymous_1)","decl":{"start":{"line":14,"column":4},"end":{"line":14,"column":5}},"loc":{"start":{"line":14,"column":18},"end":{"line":25,"column":170}},"line":14},"2":{"name":"(anonymous_2)","decl":{"start":{"line":27,"column":4},"end":{"line":27,"column":5}},"loc":{"start":{"line":27,"column":46},"end":{"line":34,"column":5}},"line":27},"3":{"name":"(anonymous_3)","decl":{"start":{"line":28,"column":22},"end":{"line":28,"column":23}},"loc":{"start":{"line":28,"column":29},"end":{"line":32,"column":19}},"line":28},"4":{"name":"(anonymous_4)","decl":{"start":{"line":35,"column":4},"end":{"line":35,"column":5}},"loc":{"start":{"line":35,"column":20},"end":{"line":39,"column":5}},"line":35},"5":{"name":"(anonymous_5)","decl":{"start":{"line":36,"column":22},"end":{"line":36,"column":23}},"loc":{"start":{"line":36,"column":29},"end":{"line":37,"column":28}},"line":36},"6":{"name":"(anonymous_6)","decl":{"start":{"line":41,"column":4},"end":{"line":41,"column":5}},"loc":{"start":{"line":41,"column":19},"end":{"line":45,"column":5}},"line":41},"7":{"name":"(anonymous_7)","decl":{"start":{"line":42,"column":22},"end":{"line":42,"column":23}},"loc":{"start":{"line":42,"column":42},"end":{"line":43,"column":45}},"line":42},"8":{"name":"(anonymous_8)","decl":{"start":{"line":47,"column":4},"end":{"line":47,"column":5}},"loc":{"start":{"line":47,"column":13},"end":{"line":69,"column":5}},"line":47}},"branchMap":{"0":{"loc":{"start":{"line":9,"column":153},"end":{"line":9,"column":199}},"type":"cond-expr","locations":[{"start":{"line":9,"column":177},"end":{"line":9,"column":180}},{"start":{"line":9,"column":183},"end":{"line":9,"column":199}}],"line":9},"1":{"loc":{"start":{"line":9,"column":153},"end":{"line":9,"column":174}},"type":"binary-expr","locations":[{"start":{"line":9,"column":153},"end":{"line":9,"column":156}},{"start":{"line":9,"column":160},"end":{"line":9,"column":174}}],"line":9},"2":{"loc":{"start":{"line":49,"column":34},"end":{"line":58,"column":12}},"type":"cond-expr","locations":[{"start":{"line":50,"column":8},"end":{"line":55,"column":95}},{"start":{"line":58,"column":8},"end":{"line":58,"column":12}}],"line":49}},"s":{"0":0,"1":0,"2":0,"3":0,"4":0,"5":0,"6":0,"7":0,"8":0,"9":0,"10":0,"11":0,"12":0,"13":0,"14":0,"15":0,"16":0,"17":0,"18":0,"19":0,"20":0,"21":0,"22":0,"23":0,"24":0,"25":0,"26":0,"27":0,"28":0,"29":0},"f":{"0":0,"1":0,"2":0,"3":0,"4":0,"5":0,"6":0,"7":0,"8":0},"b":{"0":[0,0],"1":[0,0],"2":[0,0]}}
,"/Users/maxbelous/Documents/react/React_cinema/src/helpers/index.js": {"path":"/Users/maxbelous/Documents/react/React_cinema/src/helpers/index.js","statementMap":{"0":{"start":{"line":1,"column":13},"end":{"line":1,"column":75}},"1":{"start":{"line":1,"column":95},"end":{"line":11,"column":1}},"2":{"start":{"line":2,"column":15},"end":{"line":2,"column":17}},"3":{"start":{"line":4,"column":4},"end":{"line":4,"column":68}},"4":{"start":{"line":6,"column":4},"end":{"line":8,"column":5}},"5":{"start":{"line":7,"column":8},"end":{"line":7,"column":77}},"6":{"start":{"line":10,"column":4},"end":{"line":10,"column":16}},"7":{"start":{"line":13,"column":23},"end":{"line":22,"column":1}},"8":{"start":{"line":14,"column":20},"end":{"line":14,"column":38}},"9":{"start":{"line":15,"column":16},"end":{"line":15,"column":19}},"10":{"start":{"line":17,"column":4},"end":{"line":19,"column":5}},"11":{"start":{"line":18,"column":8},"end":{"line":18,"column":57}},"12":{"start":{"line":21,"column":4},"end":{"line":21,"column":17}},"13":{"start":{"line":24,"column":22},"end":{"line":30,"column":1}},"14":{"start":{"line":25,"column":4},"end":{"line":27,"column":5}},"15":{"start":{"line":26,"column":8},"end":{"line":26,"column":60}},"16":{"start":{"line":29,"column":4},"end":{"line":29,"column":31}}},"fnMap":{"0":{"name":"(anonymous_0)","decl":{"start":{"line":1,"column":117},"end":{"line":1,"column":118}},"loc":{"start":{"line":1,"column":127},"end":{"line":11,"column":1}},"line":1},"1":{"name":"(anonymous_1)","decl":{"start":{"line":13,"column":48},"end":{"line":13,"column":49}},"loc":{"start":{"line":13,"column":54},"end":{"line":22,"column":1}},"line":13},"2":{"name":"(anonymous_2)","decl":{"start":{"line":24,"column":46},"end":{"line":24,"column":47}},"loc":{"start":{"line":24,"column":64},"end":{"line":30,"column":1}},"line":24}},"branchMap":{"0":{"loc":{"start":{"line":25,"column":4},"end":{"line":27,"column":5}},"type":"if","locations":[{"start":{"line":25,"column":4},"end":{"line":27,"column":5}},{"start":{"line":25,"column":4},"end":{"line":27,"column":5}}],"line":25},"1":{"loc":{"start":{"line":25,"column":8},"end":{"line":25,"column":62}},"type":"binary-expr","locations":[{"start":{"line":25,"column":8},"end":{"line":25,"column":31}},{"start":{"line":25,"column":35},"end":{"line":25,"column":62}}],"line":25}},"s":{"0":0,"1":0,"2":0,"3":0,"4":0,"5":0,"6":0,"7":0,"8":0,"9":0,"10":0,"11":0,"12":0,"13":0,"14":0,"15":0,"16":0},"f":{"0":0,"1":0,"2":0},"b":{"0":[0,0],"1":[0,0]}}
}
