TN:
SF:/Users/maxbelous/Documents/react/React_cinema/src/index.js
FN:9,_interopRequireDefault
FNF:1
FNH:0
FNDA:0,_interopRequireDefault
DA:1,0
DA:9,0
DA:11,0
LF:3
LH:0
BRDA:9,0,0,0
BRDA:9,0,1,0
BRDA:9,1,0,0
BRDA:9,1,1,0
BRF:4
BRH:0
end_of_record
TN:
SF:/Users/maxbelous/Documents/react/React_cinema/src/components/Cinema/index.js
FN:14,(anonymous_0)
FN:19,(anonymous_1)
FN:23,(anonymous_2)
FNF:3
FNH:2
FNDA:1,(anonymous_0)
FNDA:0,(anonymous_1)
FNDA:1,(anonymous_2)
DA:15,1
DA:16,1
DA:20,0
DA:24,1
DA:26,1
LF:5
LH:4
BRF:0
BRH:0
end_of_record
TN:
SF:/Users/maxbelous/Documents/react/React_cinema/src/components/CinemaDetails/index.js
FN:20,(anonymous_0)
FN:25,(anonymous_1)
FN:33,(anonymous_2)
FN:42,(anonymous_3)
FNF:4
FNH:2
FNDA:2,(anonymous_0)
FNDA:0,(anonymous_1)
FNDA:0,(anonymous_2)
FNDA:4,(anonymous_3)
DA:21,2
DA:22,2
DA:23,2
DA:26,0
DA:31,0
DA:34,0
DA:39,0
DA:43,4
DA:45,4
DA:51,4
DA:55,4
LF:11
LH:7
BRDA:45,0,0,0
BRDA:45,0,1,4
BRDA:51,1,0,0
BRDA:51,1,1,4
BRF:4
BRH:2
end_of_record
TN:
SF:/Users/maxbelous/Documents/react/React_cinema/src/components/CinemaList/index.js
FN:17,(anonymous_0)
FN:29,(anonymous_1)
FN:33,(anonymous_2)
FN:37,(anonymous_3)
FN:44,(anonymous_4)
FN:45,(anonymous_5)
FN:49,(anonymous_6)
FN:52,(anonymous_7)
FN:53,(anonymous_8)
FN:59,(anonymous_9)
FN:60,(anonymous_10)
FN:67,(anonymous_11)
FN:70,(anonymous_12)
FNF:13
FNH:7
FNDA:2,(anonymous_0)
FNDA:2,(anonymous_1)
FNDA:3,(anonymous_2)
FNDA:0,(anonymous_3)
FNDA:0,(anonymous_4)
FNDA:0,(anonymous_5)
FNDA:2,(anonymous_6)
FNDA:3,(anonymous_7)
FNDA:3,(anonymous_8)
FNDA:0,(anonymous_9)
FNDA:0,(anonymous_10)
FNDA:5,(anonymous_11)
FNDA:0,(anonymous_12)
DA:8,2
DA:9,2
DA:18,2
DA:19,2
DA:20,2
DA:21,2
DA:30,2
DA:34,3
DA:38,0
DA:39,0
DA:42,0
DA:45,0
DA:49,2
DA:53,3
DA:57,3
DA:60,0
DA:64,0
DA:68,5
DA:69,5
DA:70,5
DA:71,0
DA:74,5
LF:22
LH:15
BRDA:38,0,0,0
BRDA:38,0,1,0
BRF:2
BRH:0
end_of_record
TN:
SF:/Users/maxbelous/Documents/react/React_cinema/src/components/Favorites/index.js
FN:12,(anonymous_0)
FN:15,(anonymous_1)
FNF:2
FNH:2
FNDA:4,(anonymous_0)
FNDA:4,(anonymous_1)
DA:13,4
DA:14,4
DA:16,4
DA:19,4
LF:4
LH:4
BRF:0
BRH:0
end_of_record
TN:
SF:/Users/maxbelous/Documents/react/React_cinema/src/components/Footer/index.js
FN:4,(anonymous_0)
FNF:1
FNH:1
FNDA:4,(anonymous_0)
DA:4,2
DA:5,4
LF:2
LH:2
BRF:0
BRH:0
end_of_record
TN:
SF:/Users/maxbelous/Documents/react/React_cinema/src/components/Header/index.js
FN:6,(anonymous_0)
FNF:1
FNH:1
FNDA:4,(anonymous_0)
DA:6,2
DA:7,4
LF:2
LH:2
BRF:0
BRH:0
end_of_record
TN:
SF:/Users/maxbelous/Documents/react/React_cinema/src/containers/App/index.js
FN:15,(anonymous_0)
FN:32,(anonymous_1)
FN:33,(anonymous_2)
FN:40,(anonymous_3)
FN:41,(anonymous_4)
FN:45,(anonymous_5)
FN:53,(anonymous_6)
FN:62,(anonymous_7)
FN:63,(anonymous_8)
FN:68,(anonymous_9)
FN:70,(anonymous_10)
FN:71,(anonymous_11)
FN:78,(anonymous_12)
FN:79,(anonymous_13)
FN:87,(anonymous_14)
FNF:15
FNH:8
FNDA:1,(anonymous_0)
FNDA:0,(anonymous_1)
FNDA:0,(anonymous_2)
FNDA:1,(anonymous_3)
FNDA:1,(anonymous_4)
FNDA:0,(anonymous_5)
FNDA:0,(anonymous_6)
FNDA:1,(anonymous_7)
FNDA:1,(anonymous_8)
FNDA:0,(anonymous_9)
FNDA:0,(anonymous_10)
FNDA:0,(anonymous_11)
FNDA:3,(anonymous_12)
FNDA:2,(anonymous_13)
FNDA:3,(anonymous_14)
DA:16,1
DA:17,1
DA:18,1
DA:19,1
DA:20,1
DA:21,1
DA:22,1
DA:23,1
DA:33,0
DA:41,1
DA:46,0
DA:54,0
DA:63,1
DA:70,0
DA:72,0
DA:79,3
DA:80,2
DA:82,3
DA:84,3
DA:88,3
DA:89,3
DA:90,3
DA:92,3
LF:23
LH:18
BRDA:82,0,0,3
BRDA:82,0,1,3
BRF:2
BRH:2
end_of_record
TN:
SF:/Users/maxbelous/Documents/react/React_cinema/src/helpers/index.js
FN:1,(anonymous_0)
FN:13,(anonymous_1)
FN:24,(anonymous_2)
FNF:3
FNH:3
FNDA:5,(anonymous_0)
FNDA:1,(anonymous_1)
FNDA:2,(anonymous_2)
DA:1,2
DA:2,5
DA:4,5
DA:6,5
DA:7,18
DA:10,5
DA:13,2
DA:14,1
DA:15,1
DA:17,1
DA:18,6
DA:21,1
DA:24,2
DA:25,2
DA:26,1
DA:29,1
LF:16
LH:16
BRDA:25,0,0,1
BRDA:25,0,1,1
BRDA:25,1,0,2
BRDA:25,1,1,1
BRF:4
BRH:4
end_of_record
